2020-05-15 16:14:09,947 [Worker-3: Loading available Gradle versions] INFO  c.g.t.t.d.PublishedGradleVersions - Gradle version information cache is up-to-date. Trying to read.
2020-05-15 16:15:22,247 [Worker-1: Building workspace] INFO  o.e.m.c.i.l.LifecycleMappingFactory - Using org.eclipse.m2e.jdt.JarLifecycleMapping lifecycle mapping for MavenProject: DemoProject:DemoProject:0.0.1-SNAPSHOT @ C:\Users\HP\eclipse-workspace\DemoProject\pom.xml.
2020-05-15 16:15:23,834 [Worker-1: Building workspace] INFO  o.e.m.c.i.embedder.EclipseLogger - Using 'UTF-8' encoding to copy filtered resources.
2020-05-15 16:15:23,834 [Worker-1: Building workspace] INFO  o.e.m.c.i.embedder.EclipseLogger - skip non existing resourceDirectory C:\Users\HP\eclipse-workspace\DemoProject\src\main\resources
2020-05-15 16:15:23,838 [Worker-1: Building workspace] INFO  o.e.m.c.i.embedder.EclipseLogger - Using 'UTF-8' encoding to copy filtered resources.
2020-05-15 16:15:23,838 [Worker-1: Building workspace] INFO  o.e.m.c.i.embedder.EclipseLogger - skip non existing resourceDirectory C:\Users\HP\eclipse-workspace\DemoProject\src\test\resources
2020-05-15 16:15:24,926 [Worker-1: Building workspace] INFO  o.e.m.c.i.l.LifecycleMappingFactory - Using org.eclipse.m2e.jdt.JarLifecycleMapping lifecycle mapping for MavenProject: FinalMavenProjectGI:FinalMavenProjectAI:0.0.1-SNAPSHOT @ C:\Users\HP\eclipse-workspace\FinalMavenProjectAI\pom.xml.
2020-05-15 16:15:26,657 [Worker-1: Building workspace] INFO  o.e.m.c.i.embedder.EclipseLogger - Using 'UTF-8' encoding to copy filtered resources.
2020-05-15 16:15:26,657 [Worker-1: Building workspace] INFO  o.e.m.c.i.embedder.EclipseLogger - skip non existing resourceDirectory C:\Users\HP\eclipse-workspace\FinalMavenProjectAI\src\main\resources
2020-05-15 16:15:26,660 [Worker-1: Building workspace] INFO  o.e.m.c.i.embedder.EclipseLogger - Using 'UTF-8' encoding to copy filtered resources.
2020-05-15 16:15:26,660 [Worker-1: Building workspace] INFO  o.e.m.c.i.embedder.EclipseLogger - skip non existing resourceDirectory C:\Users\HP\eclipse-workspace\FinalMavenProjectAI\src\test\resources
2020-05-15 16:15:31,626 [Worker-0: Building workspace] INFO  o.e.m.c.i.embedder.EclipseLogger - Using 'UTF-8' encoding to copy filtered resources.
2020-05-15 16:15:31,627 [Worker-0: Building workspace] INFO  o.e.m.c.i.embedder.EclipseLogger - skip non existing resourceDirectory C:\Users\HP\eclipse-workspace\FinalMavenProjectAI\src\main\resources
2020-05-15 16:15:31,629 [Worker-0: Building workspace] INFO  o.e.m.c.i.embedder.EclipseLogger - Using 'UTF-8' encoding to copy filtered resources.
2020-05-15 16:15:31,629 [Worker-0: Building workspace] INFO  o.e.m.c.i.embedder.EclipseLogger - skip non existing resourceDirectory C:\Users\HP\eclipse-workspace\FinalMavenProjectAI\src\test\resources
2020-05-15 16:15:32,344 [Worker-2: Building workspace] INFO  o.e.m.c.i.l.LifecycleMappingFactory - Using org.eclipse.m2e.jdt.JarLifecycleMapping lifecycle mapping for MavenProject: MavenProject:MavenProject:0.0.1-SNAPSHOT @ C:\Users\HP\eclipse-workspace\MavenProject\pom.xml.
2020-05-15 16:15:34,282 [Worker-2: Building workspace] INFO  o.e.m.c.i.embedder.EclipseLogger - Using 'UTF-8' encoding to copy filtered resources.
2020-05-15 16:15:34,283 [Worker-2: Building workspace] INFO  o.e.m.c.i.embedder.EclipseLogger - skip non existing resourceDirectory C:\Users\HP\eclipse-workspace\MavenProject\src\main\resources
2020-05-15 16:15:34,285 [Worker-2: Building workspace] INFO  o.e.m.c.i.embedder.EclipseLogger - Using 'UTF-8' encoding to copy filtered resources.
2020-05-15 16:15:34,285 [Worker-2: Building workspace] INFO  o.e.m.c.i.embedder.EclipseLogger - skip non existing resourceDirectory C:\Users\HP\eclipse-workspace\MavenProject\src\test\resources
2020-05-15 16:15:34,760 [Worker-2: Building workspace] INFO  o.e.m.c.i.l.LifecycleMappingFactory - Using org.eclipse.m2e.jdt.JarLifecycleMapping lifecycle mapping for MavenProject: RunMultipleTestSuite:RunMultipleTestSuite:0.0.1-SNAPSHOT @ C:\Users\HP\eclipse-workspace\RunMultipleTestSuite\pom.xml.
2020-05-15 16:15:35,664 [Worker-2: Building workspace] INFO  o.e.m.c.i.embedder.EclipseLogger - Using 'UTF-8' encoding to copy filtered resources.
2020-05-15 16:15:35,680 [Worker-2: Building workspace] INFO  o.e.m.c.i.embedder.EclipseLogger - skip non existing resourceDirectory C:\Users\HP\eclipse-workspace\RunMultipleTestSuite\src\main\resources
2020-05-15 16:15:35,701 [Worker-2: Building workspace] INFO  o.e.m.c.i.embedder.EclipseLogger - Using 'UTF-8' encoding to copy filtered resources.
2020-05-15 16:15:35,734 [Worker-2: Building workspace] INFO  o.e.m.c.i.embedder.EclipseLogger - skip non existing resourceDirectory C:\Users\HP\eclipse-workspace\RunMultipleTestSuite\src\test\resources
2020-05-15 16:15:37,669 [Worker-3: Building workspace] INFO  o.e.m.c.i.embedder.EclipseLogger - Using 'UTF-8' encoding to copy filtered resources.
2020-05-15 16:15:37,669 [Worker-3: Building workspace] INFO  o.e.m.c.i.embedder.EclipseLogger - skip non existing resourceDirectory C:\Users\HP\eclipse-workspace\MavenProject\src\main\resources
2020-05-15 16:15:37,670 [Worker-3: Building workspace] INFO  o.e.m.c.i.embedder.EclipseLogger - Using 'UTF-8' encoding to copy filtered resources.
2020-05-15 16:15:37,685 [Worker-3: Building workspace] INFO  o.e.m.c.i.embedder.EclipseLogger - skip non existing resourceDirectory C:\Users\HP\eclipse-workspace\MavenProject\src\test\resources
2020-05-15 16:15:37,910 [Worker-3: Building workspace] INFO  o.e.m.c.i.embedder.EclipseLogger - Using 'UTF-8' encoding to copy filtered resources.
2020-05-15 16:15:37,929 [Worker-3: Building workspace] INFO  o.e.m.c.i.embedder.EclipseLogger - skip non existing resourceDirectory C:\Users\HP\eclipse-workspace\RunMultipleTestSuite\src\main\resources
2020-05-15 16:15:37,930 [Worker-3: Building workspace] INFO  o.e.m.c.i.embedder.EclipseLogger - Using 'UTF-8' encoding to copy filtered resources.
2020-05-15 16:15:38,004 [Worker-3: Building workspace] INFO  o.e.m.c.i.embedder.EclipseLogger - skip non existing resourceDirectory C:\Users\HP\eclipse-workspace\RunMultipleTestSuite\src\test\resources
2020-05-15 16:22:34,366 [Worker-7: Building workspace] INFO  o.e.m.c.i.embedder.EclipseLogger - Using 'UTF-8' encoding to copy filtered resources.
2020-05-15 16:22:34,366 [Worker-7: Building workspace] INFO  o.e.m.c.i.embedder.EclipseLogger - skip non existing resourceDirectory C:\Users\HP\eclipse-workspace\RunMultipleTestSuite\src\main\resources
2020-05-15 16:22:34,372 [Worker-7: Building workspace] INFO  o.e.m.c.i.embedder.EclipseLogger - Using 'UTF-8' encoding to copy filtered resources.
2020-05-15 16:22:34,386 [Worker-7: Building workspace] INFO  o.e.m.c.i.embedder.EclipseLogger - skip non existing resourceDirectory C:\Users\HP\eclipse-workspace\RunMultipleTestSuite\src\test\resources
2020-05-15 16:30:17,390 [Worker-17: Building workspace] INFO  o.e.m.c.i.embedder.EclipseLogger - Using 'UTF-8' encoding to copy filtered resources.
2020-05-15 16:30:17,400 [Worker-17: Building workspace] INFO  o.e.m.c.i.embedder.EclipseLogger - skip non existing resourceDirectory C:\Users\HP\eclipse-workspace\DemoProject\src\main\resources
2020-05-15 16:30:17,411 [Worker-17: Building workspace] INFO  o.e.m.c.i.embedder.EclipseLogger - Using 'UTF-8' encoding to copy filtered resources.
2020-05-15 16:30:17,418 [Worker-17: Building workspace] INFO  o.e.m.c.i.embedder.EclipseLogger - skip non existing resourceDirectory C:\Users\HP\eclipse-workspace\DemoProject\src\test\resources
2020-05-15 16:30:17,428 [Worker-17: Building workspace] INFO  o.e.m.c.i.embedder.EclipseLogger - Using 'UTF-8' encoding to copy filtered resources.
2020-05-15 16:30:17,428 [Worker-17: Building workspace] INFO  o.e.m.c.i.embedder.EclipseLogger - skip non existing resourceDirectory C:\Users\HP\eclipse-workspace\FinalMavenProjectAI\src\main\resources
2020-05-15 16:30:17,429 [Worker-17: Building workspace] INFO  o.e.m.c.i.embedder.EclipseLogger - Using 'UTF-8' encoding to copy filtered resources.
2020-05-15 16:30:17,439 [Worker-17: Building workspace] INFO  o.e.m.c.i.embedder.EclipseLogger - skip non existing resourceDirectory C:\Users\HP\eclipse-workspace\FinalMavenProjectAI\src\test\resources
2020-05-15 16:30:17,452 [Worker-17: Building workspace] INFO  o.e.m.c.i.embedder.EclipseLogger - Using 'UTF-8' encoding to copy filtered resources.
2020-05-15 16:30:17,452 [Worker-17: Building workspace] INFO  o.e.m.c.i.embedder.EclipseLogger - skip non existing resourceDirectory C:\Users\HP\eclipse-workspace\MavenProject\src\main\resources
2020-05-15 16:30:17,453 [Worker-17: Building workspace] INFO  o.e.m.c.i.embedder.EclipseLogger - Using 'UTF-8' encoding to copy filtered resources.
2020-05-15 16:30:17,459 [Worker-17: Building workspace] INFO  o.e.m.c.i.embedder.EclipseLogger - skip non existing resourceDirectory C:\Users\HP\eclipse-workspace\MavenProject\src\test\resources
2020-05-15 16:30:17,467 [Worker-17: Building workspace] INFO  o.e.m.c.i.embedder.EclipseLogger - Using 'UTF-8' encoding to copy filtered resources.
2020-05-15 16:30:17,467 [Worker-17: Building workspace] INFO  o.e.m.c.i.embedder.EclipseLogger - skip non existing resourceDirectory C:\Users\HP\eclipse-workspace\RunMultipleTestSuite\src\main\resources
2020-05-15 16:30:17,468 [Worker-17: Building workspace] INFO  o.e.m.c.i.embedder.EclipseLogger - Using 'UTF-8' encoding to copy filtered resources.
2020-05-15 16:30:17,468 [Worker-17: Building workspace] INFO  o.e.m.c.i.embedder.EclipseLogger - skip non existing resourceDirectory C:\Users\HP\eclipse-workspace\RunMultipleTestSuite\src\test\resources
2020-05-15 16:30:35,203 [Worker-14: Building workspace] INFO  o.e.m.c.i.embedder.EclipseLogger - Using 'UTF-8' encoding to copy filtered resources.
2020-05-15 16:30:35,204 [Worker-14: Building workspace] INFO  o.e.m.c.i.embedder.EclipseLogger - skip non existing resourceDirectory C:\Users\HP\eclipse-workspace\MavenProject\src\main\resources
2020-05-15 16:30:35,206 [Worker-14: Building workspace] INFO  o.e.m.c.i.embedder.EclipseLogger - Using 'UTF-8' encoding to copy filtered resources.
2020-05-15 16:30:35,206 [Worker-14: Building workspace] INFO  o.e.m.c.i.embedder.EclipseLogger - skip non existing resourceDirectory C:\Users\HP\eclipse-workspace\MavenProject\src\test\resources
2020-05-15 16:32:53,092 [Worker-18: Building workspace] INFO  o.e.m.c.i.embedder.EclipseLogger - Using 'UTF-8' encoding to copy filtered resources.
2020-05-15 16:32:53,092 [Worker-18: Building workspace] INFO  o.e.m.c.i.embedder.EclipseLogger - skip non existing resourceDirectory C:\Users\HP\eclipse-workspace\DemoProject\src\main\resources
2020-05-15 16:32:53,093 [Worker-18: Building workspace] INFO  o.e.m.c.i.embedder.EclipseLogger - Using 'UTF-8' encoding to copy filtered resources.
2020-05-15 16:32:53,093 [Worker-18: Building workspace] INFO  o.e.m.c.i.embedder.EclipseLogger - skip non existing resourceDirectory C:\Users\HP\eclipse-workspace\DemoProject\src\test\resources
2020-05-15 16:32:53,101 [Worker-18: Building workspace] INFO  o.e.m.c.i.embedder.EclipseLogger - Using 'UTF-8' encoding to copy filtered resources.
2020-05-15 16:32:53,101 [Worker-18: Building workspace] INFO  o.e.m.c.i.embedder.EclipseLogger - skip non existing resourceDirectory C:\Users\HP\eclipse-workspace\FinalMavenProjectAI\src\main\resources
2020-05-15 16:32:53,102 [Worker-18: Building workspace] INFO  o.e.m.c.i.embedder.EclipseLogger - Using 'UTF-8' encoding to copy filtered resources.
2020-05-15 16:32:53,111 [Worker-18: Building workspace] INFO  o.e.m.c.i.embedder.EclipseLogger - skip non existing resourceDirectory C:\Users\HP\eclipse-workspace\FinalMavenProjectAI\src\test\resources
2020-05-15 16:32:53,124 [Worker-18: Building workspace] INFO  o.e.m.c.i.embedder.EclipseLogger - Using 'UTF-8' encoding to copy filtered resources.
2020-05-15 16:32:53,124 [Worker-18: Building workspace] INFO  o.e.m.c.i.embedder.EclipseLogger - skip non existing resourceDirectory C:\Users\HP\eclipse-workspace\MavenProject\src\main\resources
2020-05-15 16:32:53,126 [Worker-18: Building workspace] INFO  o.e.m.c.i.embedder.EclipseLogger - Using 'UTF-8' encoding to copy filtered resources.
2020-05-15 16:32:53,133 [Worker-18: Building workspace] INFO  o.e.m.c.i.embedder.EclipseLogger - skip non existing resourceDirectory C:\Users\HP\eclipse-workspace\MavenProject\src\test\resources
2020-05-15 16:32:53,144 [Worker-18: Building workspace] INFO  o.e.m.c.i.embedder.EclipseLogger - Using 'UTF-8' encoding to copy filtered resources.
2020-05-15 16:32:53,145 [Worker-18: Building workspace] INFO  o.e.m.c.i.embedder.EclipseLogger - skip non existing resourceDirectory C:\Users\HP\eclipse-workspace\RunMultipleTestSuite\src\main\resources
2020-05-15 16:32:53,146 [Worker-18: Building workspace] INFO  o.e.m.c.i.embedder.EclipseLogger - Using 'UTF-8' encoding to copy filtered resources.
2020-05-15 16:32:53,154 [Worker-18: Building workspace] INFO  o.e.m.c.i.embedder.EclipseLogger - skip non existing resourceDirectory C:\Users\HP\eclipse-workspace\RunMultipleTestSuite\src\test\resources
2020-05-15 16:33:34,725 [Worker-18: Resolving model org.eclipse.recommenders:index::zip:0.0.0] WARN  o.e.r.models.ModelRepository - Failed to download org.eclipse.recommenders:index::zip:0.0.0
org.eclipse.aether.resolution.ArtifactResolutionException: Could not find artifact org.eclipse.recommenders:index:zip:0.0.0-SNAPSHOT in models (http://download.eclipse.org/recommenders/models/photon/)
	at org.eclipse.aether.internal.impl.DefaultArtifactResolver.resolve(DefaultArtifactResolver.java:453) ~[na:na]
	at org.eclipse.aether.internal.impl.DefaultArtifactResolver.resolveArtifacts(DefaultArtifactResolver.java:255) ~[na:na]
	at org.eclipse.aether.internal.impl.DefaultArtifactResolver.resolveArtifact(DefaultArtifactResolver.java:232) ~[na:na]
	at org.eclipse.aether.internal.impl.DefaultRepositorySystem.resolveArtifact(DefaultRepositorySystem.java:303) ~[na:na]
	at org.eclipse.recommenders.models.ModelRepository.resolveInternal(ModelRepository.java:193) [org.eclipse.recommenders.models_2.5.4.v20180909-1132.jar:na]
	at org.eclipse.recommenders.models.ModelRepository.resolve(ModelRepository.java:172) [org.eclipse.recommenders.models_2.5.4.v20180909-1132.jar:na]
	at org.eclipse.recommenders.internal.models.rcp.EclipseModelRepository.resolve(EclipseModelRepository.java:168) [org.eclipse.recommenders.models.rcp_2.5.4.v20180909-1132.jar:na]
	at org.eclipse.recommenders.internal.models.rcp.DownloadModelArchiveJob.run(DownloadModelArchiveJob.java:76) [org.eclipse.recommenders.models.rcp_2.5.4.v20180909-1132.jar:na]
	at org.eclipse.core.internal.jobs.Worker.run(Worker.java:63) [org.eclipse.core.jobs_3.10.100.v20180817-1215.jar:na]
Caused by: org.eclipse.aether.transfer.ArtifactNotFoundException: Could not find artifact org.eclipse.recommenders:index:zip:0.0.0-SNAPSHOT in models (http://download.eclipse.org/recommenders/models/photon/)
	at org.eclipse.aether.connector.basic.ArtifactTransportListener.transferFailed(ArtifactTransportListener.java:48) ~[org.apache.maven.resolver.connector.basic_1.0.3.v20170405-0725.jar:1.0.3]
	at org.eclipse.aether.connector.basic.BasicRepositoryConnector$TaskRunner.run(BasicRepositoryConnector.java:364) ~[org.apache.maven.resolver.connector.basic_1.0.3.v20170405-0725.jar:1.0.3]
	at org.eclipse.aether.util.concurrency.RunnableErrorForwarder$1.run(RunnableErrorForwarder.java:76) ~[na:na]
	at org.eclipse.aether.connector.basic.BasicRepositoryConnector$DirectExecutor.execute(BasicRepositoryConnector.java:590) ~[org.apache.maven.resolver.connector.basic_1.0.3.v20170405-0725.jar:1.0.3]
	at org.eclipse.aether.connector.basic.BasicRepositoryConnector.get(BasicRepositoryConnector.java:258) ~[org.apache.maven.resolver.connector.basic_1.0.3.v20170405-0725.jar:1.0.3]
	at org.eclipse.aether.internal.impl.DefaultArtifactResolver.performDownloads(DefaultArtifactResolver.java:529) ~[na:na]
	at org.eclipse.aether.internal.impl.DefaultArtifactResolver.resolve(DefaultArtifactResolver.java:430) ~[na:na]
	... 8 common frames omitted
2020-05-15 16:43:31,180 [Worker-21: Building workspace] INFO  o.e.m.c.i.embedder.EclipseLogger - Using 'UTF-8' encoding to copy filtered resources.
2020-05-15 16:43:31,181 [Worker-21: Building workspace] INFO  o.e.m.c.i.embedder.EclipseLogger - skip non existing resourceDirectory C:\Users\HP\eclipse-workspace\DemoProject\src\main\resources
2020-05-15 16:43:31,183 [Worker-21: Building workspace] INFO  o.e.m.c.i.embedder.EclipseLogger - Using 'UTF-8' encoding to copy filtered resources.
2020-05-15 16:43:31,185 [Worker-21: Building workspace] INFO  o.e.m.c.i.embedder.EclipseLogger - skip non existing resourceDirectory C:\Users\HP\eclipse-workspace\DemoProject\src\test\resources
2020-05-15 16:43:31,213 [Worker-21: Building workspace] INFO  o.e.m.c.i.embedder.EclipseLogger - Using 'UTF-8' encoding to copy filtered resources.
2020-05-15 16:43:31,214 [Worker-21: Building workspace] INFO  o.e.m.c.i.embedder.EclipseLogger - skip non existing resourceDirectory C:\Users\HP\eclipse-workspace\FinalMavenProjectAI\src\main\resources
2020-05-15 16:43:31,253 [Worker-21: Building workspace] INFO  o.e.m.c.i.embedder.EclipseLogger - Using 'UTF-8' encoding to copy filtered resources.
2020-05-15 16:43:31,253 [Worker-21: Building workspace] INFO  o.e.m.c.i.embedder.EclipseLogger - skip non existing resourceDirectory C:\Users\HP\eclipse-workspace\FinalMavenProjectAI\src\test\resources
2020-05-15 16:43:31,286 [Worker-21: Building workspace] INFO  o.e.m.c.i.embedder.EclipseLogger - Using 'UTF-8' encoding to copy filtered resources.
2020-05-15 16:43:31,286 [Worker-21: Building workspace] INFO  o.e.m.c.i.embedder.EclipseLogger - skip non existing resourceDirectory C:\Users\HP\eclipse-workspace\MavenProject\src\main\resources
2020-05-15 16:43:31,309 [Worker-21: Building workspace] INFO  o.e.m.c.i.embedder.EclipseLogger - Using 'UTF-8' encoding to copy filtered resources.
2020-05-15 16:43:31,310 [Worker-21: Building workspace] INFO  o.e.m.c.i.embedder.EclipseLogger - skip non existing resourceDirectory C:\Users\HP\eclipse-workspace\MavenProject\src\test\resources
2020-05-15 16:43:31,324 [Worker-21: Building workspace] INFO  o.e.m.c.i.embedder.EclipseLogger - Using 'UTF-8' encoding to copy filtered resources.
2020-05-15 16:43:31,324 [Worker-21: Building workspace] INFO  o.e.m.c.i.embedder.EclipseLogger - skip non existing resourceDirectory C:\Users\HP\eclipse-workspace\RunMultipleTestSuite\src\main\resources
2020-05-15 16:43:31,332 [Worker-21: Building workspace] INFO  o.e.m.c.i.embedder.EclipseLogger - Using 'UTF-8' encoding to copy filtered resources.
2020-05-15 16:43:31,332 [Worker-21: Building workspace] INFO  o.e.m.c.i.embedder.EclipseLogger - skip non existing resourceDirectory C:\Users\HP\eclipse-workspace\RunMultipleTestSuite\src\test\resources
2020-05-16 11:40:05,868 [Worker-1: Loading available Gradle versions] INFO  c.g.t.t.d.PublishedGradleVersions - Gradle version information cache is up-to-date. Trying to read.
2020-05-16 11:47:28,829 [Worker-0: Creating maven-archetype-quickstart] INFO  o.e.m.c.i.p.ProjectConfigurationManager - Collecting project info '/pom.xml' H:\Framework_Workspace\Academy\pom.xml
2020-05-16 11:47:33,609 [Worker-0: Creating maven-archetype-quickstart] INFO  o.e.m.c.i.l.LifecycleMappingFactory - Using org.eclipse.m2e.jdt.JarLifecycleMapping lifecycle mapping for MavenProject: QA:Academy:0.0.1-SNAPSHOT @ H:\Framework_Workspace\Academy\pom.xml.
2020-05-16 11:47:34,884 [Worker-0: Creating maven-archetype-quickstart] INFO  o.e.m.j.i.AbstractJavaProjectConfigurator - Adding source folder /Academy/src/main/java
2020-05-16 11:47:34,898 [Worker-0: Creating maven-archetype-quickstart] INFO  o.e.m.j.i.AbstractJavaProjectConfigurator - Adding source folder /Academy/src/test/java
2020-05-16 11:47:35,030 [Worker-0: Creating maven-archetype-quickstart] INFO  o.e.m.c.i.p.ProjectConfigurationManager - Imported and configured 1 project(s) in 6 sec
2020-05-16 11:47:35,589 [Worker-4: Building workspace] INFO  o.e.m.c.i.embedder.EclipseLogger - Using 'UTF-8' encoding to copy filtered resources.
2020-05-16 11:47:35,589 [Worker-4: Building workspace] INFO  o.e.m.c.i.embedder.EclipseLogger - skip non existing resourceDirectory H:\Framework_Workspace\Academy\src\main\resources
2020-05-16 11:47:35,592 [Worker-4: Building workspace] INFO  o.e.m.c.i.embedder.EclipseLogger - Using 'UTF-8' encoding to copy filtered resources.
2020-05-16 11:47:35,593 [Worker-4: Building workspace] INFO  o.e.m.c.i.embedder.EclipseLogger - skip non existing resourceDirectory H:\Framework_Workspace\Academy\src\test\resources
2020-05-16 11:48:00,562 [Worker-0: Building workspace] INFO  o.e.m.c.i.embedder.EclipseLogger - Using 'UTF-8' encoding to copy filtered resources.
2020-05-16 11:48:00,562 [Worker-0: Building workspace] INFO  o.e.m.c.i.embedder.EclipseLogger - skip non existing resourceDirectory H:\Framework_Workspace\Academy\src\main\resources
2020-05-16 11:48:00,564 [Worker-0: Building workspace] INFO  o.e.m.c.i.embedder.EclipseLogger - Using 'UTF-8' encoding to copy filtered resources.
2020-05-16 11:48:00,564 [Worker-0: Building workspace] INFO  o.e.m.c.i.embedder.EclipseLogger - skip non existing resourceDirectory H:\Framework_Workspace\Academy\src\test\resources
2020-05-16 12:00:44,613 [Worker-13: Building workspace] INFO  o.e.m.c.i.l.LifecycleMappingFactory - Using org.eclipse.m2e.jdt.JarLifecycleMapping lifecycle mapping for MavenProject: QA:Academy:0.0.1-SNAPSHOT @ H:\Framework_Workspace\Academy\pom.xml.
2020-05-16 12:00:45,244 [Worker-13: Building workspace] INFO  o.e.m.c.i.embedder.EclipseLogger - Using 'UTF-8' encoding to copy filtered resources.
2020-05-16 12:00:45,265 [Worker-13: Building workspace] INFO  o.e.m.c.i.embedder.EclipseLogger - skip non existing resourceDirectory H:\Framework_Workspace\Academy\src\main\resources
2020-05-16 12:00:45,267 [Worker-13: Building workspace] INFO  o.e.m.c.i.embedder.EclipseLogger - Using 'UTF-8' encoding to copy filtered resources.
2020-05-16 12:00:45,268 [Worker-13: Building workspace] INFO  o.e.m.c.i.embedder.EclipseLogger - skip non existing resourceDirectory H:\Framework_Workspace\Academy\src\test\resources
2020-05-16 12:00:46,577 [Worker-10: Building workspace] INFO  o.e.m.c.i.embedder.EclipseLogger - Using 'UTF-8' encoding to copy filtered resources.
2020-05-16 12:00:46,589 [Worker-10: Building workspace] INFO  o.e.m.c.i.embedder.EclipseLogger - skip non existing resourceDirectory H:\Framework_Workspace\Academy\src\main\resources
2020-05-16 12:00:46,599 [Worker-10: Building workspace] INFO  o.e.m.c.i.embedder.EclipseLogger - Using 'UTF-8' encoding to copy filtered resources.
2020-05-16 12:00:46,616 [Worker-10: Building workspace] INFO  o.e.m.c.i.embedder.EclipseLogger - skip non existing resourceDirectory H:\Framework_Workspace\Academy\src\test\resources
2020-05-16 12:01:54,019 [Worker-15: Resolving model org.eclipse.recommenders:index::zip:0.0.0] WARN  o.e.r.models.ModelRepository - Failed to download org.eclipse.recommenders:index::zip:0.0.0
org.eclipse.aether.resolution.ArtifactResolutionException: Could not find artifact org.eclipse.recommenders:index:zip:0.0.0-SNAPSHOT in models (http://download.eclipse.org/recommenders/models/photon/)
	at org.eclipse.aether.internal.impl.DefaultArtifactResolver.resolve(DefaultArtifactResolver.java:453) ~[na:na]
	at org.eclipse.aether.internal.impl.DefaultArtifactResolver.resolveArtifacts(DefaultArtifactResolver.java:255) ~[na:na]
	at org.eclipse.aether.internal.impl.DefaultArtifactResolver.resolveArtifact(DefaultArtifactResolver.java:232) ~[na:na]
	at org.eclipse.aether.internal.impl.DefaultRepositorySystem.resolveArtifact(DefaultRepositorySystem.java:303) ~[na:na]
	at org.eclipse.recommenders.models.ModelRepository.resolveInternal(ModelRepository.java:193) [org.eclipse.recommenders.models_2.5.4.v20180909-1132.jar:na]
	at org.eclipse.recommenders.models.ModelRepository.resolve(ModelRepository.java:172) [org.eclipse.recommenders.models_2.5.4.v20180909-1132.jar:na]
	at org.eclipse.recommenders.internal.models.rcp.EclipseModelRepository.resolve(EclipseModelRepository.java:168) [org.eclipse.recommenders.models.rcp_2.5.4.v20180909-1132.jar:na]
	at org.eclipse.recommenders.internal.models.rcp.DownloadModelArchiveJob.run(DownloadModelArchiveJob.java:76) [org.eclipse.recommenders.models.rcp_2.5.4.v20180909-1132.jar:na]
	at org.eclipse.core.internal.jobs.Worker.run(Worker.java:63) [org.eclipse.core.jobs_3.10.100.v20180817-1215.jar:na]
Caused by: org.eclipse.aether.transfer.ArtifactNotFoundException: Could not find artifact org.eclipse.recommenders:index:zip:0.0.0-SNAPSHOT in models (http://download.eclipse.org/recommenders/models/photon/)
	at org.eclipse.aether.connector.basic.ArtifactTransportListener.transferFailed(ArtifactTransportListener.java:48) ~[org.apache.maven.resolver.connector.basic_1.0.3.v20170405-0725.jar:1.0.3]
	at org.eclipse.aether.connector.basic.BasicRepositoryConnector$TaskRunner.run(BasicRepositoryConnector.java:364) ~[org.apache.maven.resolver.connector.basic_1.0.3.v20170405-0725.jar:1.0.3]
	at org.eclipse.aether.util.concurrency.RunnableErrorForwarder$1.run(RunnableErrorForwarder.java:76) ~[na:na]
	at org.eclipse.aether.connector.basic.BasicRepositoryConnector$DirectExecutor.execute(BasicRepositoryConnector.java:590) ~[org.apache.maven.resolver.connector.basic_1.0.3.v20170405-0725.jar:1.0.3]
	at org.eclipse.aether.connector.basic.BasicRepositoryConnector.get(BasicRepositoryConnector.java:258) ~[org.apache.maven.resolver.connector.basic_1.0.3.v20170405-0725.jar:1.0.3]
	at org.eclipse.aether.internal.impl.DefaultArtifactResolver.performDownloads(DefaultArtifactResolver.java:529) ~[na:na]
	at org.eclipse.aether.internal.impl.DefaultArtifactResolver.resolve(DefaultArtifactResolver.java:430) ~[na:na]
	... 8 common frames omitted
2020-05-16 12:02:07,102 [Worker-17: Building workspace] INFO  o.e.m.c.i.embedder.EclipseLogger - Using 'UTF-8' encoding to copy filtered resources.
2020-05-16 12:02:07,115 [Worker-17: Building workspace] INFO  o.e.m.c.i.embedder.EclipseLogger - skip non existing resourceDirectory H:\Framework_Workspace\Academy\src\main\resources
2020-05-16 12:02:07,122 [Worker-17: Building workspace] INFO  o.e.m.c.i.embedder.EclipseLogger - Using 'UTF-8' encoding to copy filtered resources.
2020-05-16 12:02:07,123 [Worker-17: Building workspace] INFO  o.e.m.c.i.embedder.EclipseLogger - skip non existing resourceDirectory H:\Framework_Workspace\Academy\src\test\resources
2020-05-16 12:02:15,997 [Worker-15: Building workspace] INFO  o.e.m.c.i.embedder.EclipseLogger - Using 'UTF-8' encoding to copy filtered resources.
2020-05-16 12:02:15,997 [Worker-15: Building workspace] INFO  o.e.m.c.i.embedder.EclipseLogger - skip non existing resourceDirectory H:\Framework_Workspace\Academy\src\main\resources
2020-05-16 12:02:15,998 [Worker-15: Building workspace] INFO  o.e.m.c.i.embedder.EclipseLogger - Using 'UTF-8' encoding to copy filtered resources.
2020-05-16 12:02:15,998 [Worker-15: Building workspace] INFO  o.e.m.c.i.embedder.EclipseLogger - skip non existing resourceDirectory H:\Framework_Workspace\Academy\src\test\resources
2020-05-16 12:02:32,380 [Worker-18: Building workspace] INFO  o.e.m.c.i.embedder.EclipseLogger - Using 'UTF-8' encoding to copy filtered resources.
2020-05-16 12:02:32,397 [Worker-18: Building workspace] INFO  o.e.m.c.i.embedder.EclipseLogger - skip non existing resourceDirectory H:\Framework_Workspace\Academy\src\main\resources
2020-05-16 12:02:32,409 [Worker-18: Building workspace] INFO  o.e.m.c.i.embedder.EclipseLogger - Using 'UTF-8' encoding to copy filtered resources.
2020-05-16 12:02:32,409 [Worker-18: Building workspace] INFO  o.e.m.c.i.embedder.EclipseLogger - skip non existing resourceDirectory H:\Framework_Workspace\Academy\src\test\resources
2020-05-16 12:02:49,980 [Worker-17: Building workspace] INFO  o.e.m.c.i.embedder.EclipseLogger - Using 'UTF-8' encoding to copy filtered resources.
2020-05-16 12:02:49,980 [Worker-17: Building workspace] INFO  o.e.m.c.i.embedder.EclipseLogger - skip non existing resourceDirectory H:\Framework_Workspace\Academy\src\main\resources
2020-05-16 12:02:49,982 [Worker-17: Building workspace] INFO  o.e.m.c.i.embedder.EclipseLogger - Using 'UTF-8' encoding to copy filtered resources.
2020-05-16 12:02:49,982 [Worker-17: Building workspace] INFO  o.e.m.c.i.embedder.EclipseLogger - skip non existing resourceDirectory H:\Framework_Workspace\Academy\src\test\resources
2020-05-16 12:04:31,203 [Worker-18: Building workspace] INFO  o.e.m.c.i.embedder.EclipseLogger - Using 'UTF-8' encoding to copy filtered resources.
2020-05-16 12:04:31,211 [Worker-18: Building workspace] INFO  o.e.m.c.i.embedder.EclipseLogger - skip non existing resourceDirectory H:\Framework_Workspace\Academy\src\main\resources
2020-05-16 12:04:31,218 [Worker-18: Building workspace] INFO  o.e.m.c.i.embedder.EclipseLogger - Using 'UTF-8' encoding to copy filtered resources.
2020-05-16 12:04:31,218 [Worker-18: Building workspace] INFO  o.e.m.c.i.embedder.EclipseLogger - skip non existing resourceDirectory H:\Framework_Workspace\Academy\src\test\resources
2020-05-16 12:04:42,766 [Worker-18: Building workspace] INFO  o.e.m.c.i.embedder.EclipseLogger - Using 'UTF-8' encoding to copy filtered resources.
2020-05-16 12:04:42,766 [Worker-18: Building workspace] INFO  o.e.m.c.i.embedder.EclipseLogger - skip non existing resourceDirectory H:\Framework_Workspace\Academy\src\main\resources
2020-05-16 12:04:42,775 [Worker-18: Building workspace] INFO  o.e.m.c.i.embedder.EclipseLogger - Using 'UTF-8' encoding to copy filtered resources.
2020-05-16 12:04:42,775 [Worker-18: Building workspace] INFO  o.e.m.c.i.embedder.EclipseLogger - skip non existing resourceDirectory H:\Framework_Workspace\Academy\src\test\resources
2020-05-16 12:05:36,823 [Worker-19: Building workspace] INFO  o.e.m.c.i.embedder.EclipseLogger - Using 'UTF-8' encoding to copy filtered resources.
2020-05-16 12:05:36,835 [Worker-19: Building workspace] INFO  o.e.m.c.i.embedder.EclipseLogger - skip non existing resourceDirectory H:\Framework_Workspace\Academy\src\main\resources
2020-05-16 12:05:36,846 [Worker-19: Building workspace] INFO  o.e.m.c.i.embedder.EclipseLogger - Using 'UTF-8' encoding to copy filtered resources.
2020-05-16 12:05:36,846 [Worker-19: Building workspace] INFO  o.e.m.c.i.embedder.EclipseLogger - skip non existing resourceDirectory H:\Framework_Workspace\Academy\src\test\resources
2020-05-16 12:05:37,477 [Worker-19: Building workspace] INFO  o.e.m.c.i.embedder.EclipseLogger - Using 'UTF-8' encoding to copy filtered resources.
2020-05-16 12:05:37,477 [Worker-19: Building workspace] INFO  o.e.m.c.i.embedder.EclipseLogger - skip non existing resourceDirectory C:\Users\HP\eclipse-workspace\DemoProject\src\main\resources
2020-05-16 12:05:37,478 [Worker-19: Building workspace] INFO  o.e.m.c.i.embedder.EclipseLogger - Using 'UTF-8' encoding to copy filtered resources.
2020-05-16 12:05:37,480 [Worker-19: Building workspace] INFO  o.e.m.c.i.embedder.EclipseLogger - skip non existing resourceDirectory C:\Users\HP\eclipse-workspace\DemoProject\src\test\resources
2020-05-16 12:05:38,168 [Worker-19: Building workspace] INFO  o.e.m.c.i.embedder.EclipseLogger - Using 'UTF-8' encoding to copy filtered resources.
2020-05-16 12:05:38,168 [Worker-19: Building workspace] INFO  o.e.m.c.i.embedder.EclipseLogger - skip non existing resourceDirectory C:\Users\HP\eclipse-workspace\FinalMavenProjectAI\src\main\resources
2020-05-16 12:05:38,170 [Worker-19: Building workspace] INFO  o.e.m.c.i.embedder.EclipseLogger - Using 'UTF-8' encoding to copy filtered resources.
2020-05-16 12:05:38,170 [Worker-19: Building workspace] INFO  o.e.m.c.i.embedder.EclipseLogger - skip non existing resourceDirectory C:\Users\HP\eclipse-workspace\FinalMavenProjectAI\src\test\resources
2020-05-16 12:05:38,288 [Worker-19: Building workspace] INFO  o.e.m.c.i.embedder.EclipseLogger - Using 'UTF-8' encoding to copy filtered resources.
2020-05-16 12:05:38,288 [Worker-19: Building workspace] INFO  o.e.m.c.i.embedder.EclipseLogger - skip non existing resourceDirectory C:\Users\HP\eclipse-workspace\MavenProject\src\main\resources
2020-05-16 12:05:38,290 [Worker-19: Building workspace] INFO  o.e.m.c.i.embedder.EclipseLogger - Using 'UTF-8' encoding to copy filtered resources.
2020-05-16 12:05:38,290 [Worker-19: Building workspace] INFO  o.e.m.c.i.embedder.EclipseLogger - skip non existing resourceDirectory C:\Users\HP\eclipse-workspace\MavenProject\src\test\resources
2020-05-16 12:05:38,648 [Worker-19: Building workspace] INFO  o.e.m.c.i.embedder.EclipseLogger - Using 'UTF-8' encoding to copy filtered resources.
2020-05-16 12:05:38,649 [Worker-19: Building workspace] INFO  o.e.m.c.i.embedder.EclipseLogger - skip non existing resourceDirectory C:\Users\HP\eclipse-workspace\RunMultipleTestSuite\src\main\resources
2020-05-16 12:05:38,651 [Worker-19: Building workspace] INFO  o.e.m.c.i.embedder.EclipseLogger - Using 'UTF-8' encoding to copy filtered resources.
2020-05-16 12:05:38,651 [Worker-19: Building workspace] INFO  o.e.m.c.i.embedder.EclipseLogger - skip non existing resourceDirectory C:\Users\HP\eclipse-workspace\RunMultipleTestSuite\src\test\resources
2020-05-16 12:05:47,266 [Worker-20: Building workspace] INFO  o.e.m.c.i.embedder.EclipseLogger - Using 'UTF-8' encoding to copy filtered resources.
2020-05-16 12:05:47,266 [Worker-20: Building workspace] INFO  o.e.m.c.i.embedder.EclipseLogger - skip non existing resourceDirectory H:\Framework_Workspace\Academy\src\main\resources
2020-05-16 12:05:47,267 [Worker-20: Building workspace] INFO  o.e.m.c.i.embedder.EclipseLogger - Using 'UTF-8' encoding to copy filtered resources.
2020-05-16 12:05:47,267 [Worker-20: Building workspace] INFO  o.e.m.c.i.embedder.EclipseLogger - skip non existing resourceDirectory H:\Framework_Workspace\Academy\src\test\resources
2020-05-16 12:06:12,550 [Worker-10: Updating Maven Project] INFO  o.e.m.c.i.p.ProjectConfigurationManager - Update started
2020-05-16 12:06:13,106 [Worker-10: Updating Maven Project] INFO  o.e.m.c.i.l.LifecycleMappingFactory - Using org.eclipse.m2e.jdt.JarLifecycleMapping lifecycle mapping for MavenProject: QA:Academy:0.0.1-SNAPSHOT @ H:\Framework_Workspace\Academy\pom.xml.
2020-05-16 12:06:13,510 [Worker-10: Updating Maven Project] INFO  o.e.m.j.i.AbstractJavaProjectConfigurator - Adding source folder /Academy/src/main/java
2020-05-16 12:06:13,521 [Worker-10: Updating Maven Project] INFO  o.e.m.j.i.AbstractJavaProjectConfigurator - Adding source folder /Academy/src/test/java
2020-05-16 12:06:13,762 [Worker-10: Updating Maven Project] INFO  o.e.m.c.i.p.ProjectConfigurationManager - Update completed: 1 sec
2020-05-16 12:06:14,071 [Worker-18: Building workspace] INFO  o.e.m.c.i.embedder.EclipseLogger - Using 'UTF-8' encoding to copy filtered resources.
2020-05-16 12:06:14,087 [Worker-18: Building workspace] INFO  o.e.m.c.i.embedder.EclipseLogger - skip non existing resourceDirectory H:\Framework_Workspace\Academy\src\main\resources
2020-05-16 12:06:14,088 [Worker-18: Building workspace] INFO  o.e.m.c.i.embedder.EclipseLogger - Using 'UTF-8' encoding to copy filtered resources.
2020-05-16 12:06:14,099 [Worker-18: Building workspace] INFO  o.e.m.c.i.embedder.EclipseLogger - skip non existing resourceDirectory H:\Framework_Workspace\Academy\src\test\resources
2020-05-16 12:06:34,774 [Worker-19: Building workspace] INFO  o.e.m.c.i.embedder.EclipseLogger - Using 'UTF-8' encoding to copy filtered resources.
2020-05-16 12:06:34,774 [Worker-19: Building workspace] INFO  o.e.m.c.i.embedder.EclipseLogger - skip non existing resourceDirectory H:\Framework_Workspace\Academy\src\main\resources
2020-05-16 12:06:34,776 [Worker-19: Building workspace] INFO  o.e.m.c.i.embedder.EclipseLogger - Using 'UTF-8' encoding to copy filtered resources.
2020-05-16 12:06:34,786 [Worker-19: Building workspace] INFO  o.e.m.c.i.embedder.EclipseLogger - skip non existing resourceDirectory H:\Framework_Workspace\Academy\src\test\resources
2020-05-16 12:06:40,355 [main] INFO  o.e.m2e.actions.ExecutePomAction - Creating new launch configuration
2020-05-16 12:06:43,392 [Worker-19: Launching Academy] INFO  o.e.m.i.launch.MavenLaunchDelegate - H:\Framework_Workspace\Academy
2020-05-16 12:06:43,399 [Worker-19: Launching Academy] INFO  o.e.m.i.launch.MavenLaunchDelegate -  mvn -B 
2020-05-16 12:07:37,463 [Worker-17: Building workspace] INFO  o.e.m.c.i.l.LifecycleMappingFactory - Using org.eclipse.m2e.jdt.JarLifecycleMapping lifecycle mapping for MavenProject: QA:Academy:0.0.1-SNAPSHOT @ H:\Framework_Workspace\Academy\pom.xml.
2020-05-16 12:07:37,695 [Worker-17: Building workspace] INFO  o.e.m.c.i.embedder.EclipseLogger - Using 'UTF-8' encoding to copy filtered resources.
2020-05-16 12:07:37,704 [Worker-17: Building workspace] INFO  o.e.m.c.i.embedder.EclipseLogger - skip non existing resourceDirectory H:\Framework_Workspace\Academy\src\main\resources
2020-05-16 12:07:37,715 [Worker-17: Building workspace] INFO  o.e.m.c.i.embedder.EclipseLogger - Using 'UTF-8' encoding to copy filtered resources.
2020-05-16 12:07:37,721 [Worker-17: Building workspace] INFO  o.e.m.c.i.embedder.EclipseLogger - skip non existing resourceDirectory H:\Framework_Workspace\Academy\src\test\resources
2020-05-16 12:07:48,768 [main] INFO  o.e.m2e.actions.ExecutePomAction - Creating new launch configuration
2020-05-16 12:07:52,090 [Worker-17: Launching Academy (1)] INFO  o.e.m.i.launch.MavenLaunchDelegate - H:\Framework_Workspace\Academy
2020-05-16 12:07:52,090 [Worker-17: Launching Academy (1)] INFO  o.e.m.i.launch.MavenLaunchDelegate -  mvn -B 
2020-05-16 12:08:29,106 [Worker-12: Launching Executing test in H__Framework_Workspace_Academy] INFO  o.e.m.i.launch.MavenLaunchDelegate - H:\Framework_Workspace\Academy
2020-05-16 12:08:29,116 [Worker-12: Launching Executing test in H__Framework_Workspace_Academy] INFO  o.e.m.i.launch.MavenLaunchDelegate -  mvn -B test
2020-05-16 12:08:35,307 [Worker-10: Building workspace] INFO  o.e.m.c.i.embedder.EclipseLogger - Using 'UTF-8' encoding to copy filtered resources.
2020-05-16 12:08:35,307 [Worker-10: Building workspace] INFO  o.e.m.c.i.embedder.EclipseLogger - skip non existing resourceDirectory H:\Framework_Workspace\Academy\src\main\resources
2020-05-16 12:08:35,329 [Worker-10: Building workspace] INFO  o.e.m.c.i.embedder.EclipseLogger - Using 'UTF-8' encoding to copy filtered resources.
2020-05-16 12:08:35,338 [Worker-10: Building workspace] INFO  o.e.m.c.i.embedder.EclipseLogger - skip non existing resourceDirectory H:\Framework_Workspace\Academy\src\test\resources
2020-05-16 12:10:00,096 [Worker-17: Launching Executing clean in H__Framework_Workspace_Academy] INFO  o.e.m.i.launch.MavenLaunchDelegate - H:\Framework_Workspace\Academy
2020-05-16 12:10:00,096 [Worker-17: Launching Executing clean in H__Framework_Workspace_Academy] INFO  o.e.m.i.launch.MavenLaunchDelegate -  mvn -B clean
2020-05-16 12:10:02,934 [Worker-18: Building workspace] INFO  o.e.m.c.i.embedder.EclipseLogger - Using 'UTF-8' encoding to copy filtered resources.
2020-05-16 12:10:02,944 [Worker-18: Building workspace] INFO  o.e.m.c.i.embedder.EclipseLogger - skip non existing resourceDirectory H:\Framework_Workspace\Academy\src\main\resources
2020-05-16 12:10:02,953 [Worker-18: Building workspace] INFO  o.e.m.c.i.embedder.EclipseLogger - Using 'UTF-8' encoding to copy filtered resources.
2020-05-16 12:10:02,954 [Worker-18: Building workspace] INFO  o.e.m.c.i.embedder.EclipseLogger - skip non existing resourceDirectory H:\Framework_Workspace\Academy\src\test\resources
2020-05-16 12:10:35,404 [main] INFO  o.e.m2e.actions.ExecutePomAction - Creating new launch configuration
2020-05-16 12:10:58,386 [Worker-17: Launching Academy (2)] INFO  o.e.m.i.launch.MavenLaunchDelegate - H:\Framework_Workspace\Academy
2020-05-16 12:10:58,386 [Worker-17: Launching Academy (2)] INFO  o.e.m.i.launch.MavenLaunchDelegate -  mvn -B clean install
2020-05-16 12:11:45,014 [Worker-18: Building workspace] INFO  o.e.m.c.i.l.LifecycleMappingFactory - Using org.eclipse.m2e.jdt.JarLifecycleMapping lifecycle mapping for MavenProject: QA:Academy:0.0.1-SNAPSHOT @ H:\Framework_Workspace\Academy\pom.xml.
2020-05-16 12:11:45,492 [Worker-18: Building workspace] INFO  o.e.m.c.i.embedder.EclipseLogger - Using 'UTF-8' encoding to copy filtered resources.
2020-05-16 12:11:45,499 [Worker-18: Building workspace] INFO  o.e.m.c.i.embedder.EclipseLogger - skip non existing resourceDirectory H:\Framework_Workspace\Academy\src\main\resources
2020-05-16 12:11:45,506 [Worker-18: Building workspace] INFO  o.e.m.c.i.embedder.EclipseLogger - Using 'UTF-8' encoding to copy filtered resources.
2020-05-16 12:11:45,506 [Worker-18: Building workspace] INFO  o.e.m.c.i.embedder.EclipseLogger - skip non existing resourceDirectory H:\Framework_Workspace\Academy\src\test\resources
2020-05-16 12:11:53,502 [Worker-10: Launching Academy (2)] INFO  o.e.m.i.launch.MavenLaunchDelegate - H:\Framework_Workspace\Academy
2020-05-16 12:11:53,503 [Worker-10: Launching Academy (2)] INFO  o.e.m.i.launch.MavenLaunchDelegate -  mvn -B clean install
2020-05-16 12:12:53,903 [Worker-12: Launching Executing test in H__Framework_Workspace_Academy] INFO  o.e.m.i.launch.MavenLaunchDelegate - H:\Framework_Workspace\Academy
2020-05-16 12:12:53,903 [Worker-12: Launching Executing test in H__Framework_Workspace_Academy] INFO  o.e.m.i.launch.MavenLaunchDelegate -  mvn -B test
2020-05-16 12:12:59,286 [Worker-10: Building workspace] INFO  o.e.m.c.i.embedder.EclipseLogger - Using 'UTF-8' encoding to copy filtered resources.
2020-05-16 12:12:59,297 [Worker-10: Building workspace] INFO  o.e.m.c.i.embedder.EclipseLogger - skip non existing resourceDirectory H:\Framework_Workspace\Academy\src\main\resources
2020-05-16 12:12:59,308 [Worker-10: Building workspace] INFO  o.e.m.c.i.embedder.EclipseLogger - Using 'UTF-8' encoding to copy filtered resources.
2020-05-16 12:12:59,308 [Worker-10: Building workspace] INFO  o.e.m.c.i.embedder.EclipseLogger - skip non existing resourceDirectory H:\Framework_Workspace\Academy\src\test\resources
2020-05-16 12:13:22,187 [Worker-10: Building workspace] INFO  o.e.m.c.i.embedder.EclipseLogger - Using 'UTF-8' encoding to copy filtered resources.
2020-05-16 12:13:22,187 [Worker-10: Building workspace] INFO  o.e.m.c.i.embedder.EclipseLogger - skip non existing resourceDirectory H:\Framework_Workspace\Academy\src\main\resources
2020-05-16 12:13:22,188 [Worker-10: Building workspace] INFO  o.e.m.c.i.embedder.EclipseLogger - Using 'UTF-8' encoding to copy filtered resources.
2020-05-16 12:13:22,188 [Worker-10: Building workspace] INFO  o.e.m.c.i.embedder.EclipseLogger - skip non existing resourceDirectory H:\Framework_Workspace\Academy\src\test\resources
2020-05-16 12:13:34,354 [Worker-13: Launching Executing test in H__Framework_Workspace_Academy] INFO  o.e.m.i.launch.MavenLaunchDelegate - H:\Framework_Workspace\Academy
2020-05-16 12:13:34,361 [Worker-13: Launching Executing test in H__Framework_Workspace_Academy] INFO  o.e.m.i.launch.MavenLaunchDelegate -  mvn -B test
2020-05-16 12:13:39,839 [Worker-13: Building workspace] INFO  o.e.m.c.i.embedder.EclipseLogger - Using 'UTF-8' encoding to copy filtered resources.
2020-05-16 12:13:39,839 [Worker-13: Building workspace] INFO  o.e.m.c.i.embedder.EclipseLogger - skip non existing resourceDirectory H:\Framework_Workspace\Academy\src\main\resources
2020-05-16 12:13:39,855 [Worker-13: Building workspace] INFO  o.e.m.c.i.embedder.EclipseLogger - Using 'UTF-8' encoding to copy filtered resources.
2020-05-16 12:13:39,863 [Worker-13: Building workspace] INFO  o.e.m.c.i.embedder.EclipseLogger - skip non existing resourceDirectory H:\Framework_Workspace\Academy\src\test\resources
2020-05-16 12:14:22,715 [Worker-18: Launching Executing test in C__Users_HP_eclipse-workspace_FinalMavenProjectAI] INFO  o.e.m.i.launch.MavenLaunchDelegate - C:\Users\HP\eclipse-workspace\FinalMavenProjectAI
2020-05-16 12:14:22,716 [Worker-18: Launching Executing test in C__Users_HP_eclipse-workspace_FinalMavenProjectAI] INFO  o.e.m.i.launch.MavenLaunchDelegate -  mvn -B test
2020-05-16 12:14:41,173 [Worker-13: Building workspace] INFO  o.e.m.c.i.embedder.EclipseLogger - Using 'UTF-8' encoding to copy filtered resources.
2020-05-16 12:14:41,179 [Worker-13: Building workspace] INFO  o.e.m.c.i.embedder.EclipseLogger - skip non existing resourceDirectory C:\Users\HP\eclipse-workspace\FinalMavenProjectAI\src\main\resources
2020-05-16 12:14:41,186 [Worker-13: Building workspace] INFO  o.e.m.c.i.embedder.EclipseLogger - Using 'UTF-8' encoding to copy filtered resources.
2020-05-16 12:14:41,186 [Worker-13: Building workspace] INFO  o.e.m.c.i.embedder.EclipseLogger - skip non existing resourceDirectory C:\Users\HP\eclipse-workspace\FinalMavenProjectAI\src\test\resources
2020-05-16 12:15:48,955 [Worker-17: Building workspace] INFO  o.e.m.c.i.embedder.EclipseLogger - Using 'UTF-8' encoding to copy filtered resources.
2020-05-16 12:15:48,955 [Worker-17: Building workspace] INFO  o.e.m.c.i.embedder.EclipseLogger - skip non existing resourceDirectory H:\Framework_Workspace\Academy\src\main\resources
2020-05-16 12:15:48,956 [Worker-17: Building workspace] INFO  o.e.m.c.i.embedder.EclipseLogger - Using 'UTF-8' encoding to copy filtered resources.
2020-05-16 12:15:48,956 [Worker-17: Building workspace] INFO  o.e.m.c.i.embedder.EclipseLogger - skip non existing resourceDirectory H:\Framework_Workspace\Academy\src\test\resources
2020-05-16 12:15:58,565 [Worker-18: Building workspace] INFO  o.e.m.c.i.embedder.EclipseLogger - Using 'UTF-8' encoding to copy filtered resources.
2020-05-16 12:15:58,571 [Worker-18: Building workspace] INFO  o.e.m.c.i.embedder.EclipseLogger - skip non existing resourceDirectory H:\Framework_Workspace\Academy\src\main\resources
2020-05-16 12:15:58,578 [Worker-18: Building workspace] INFO  o.e.m.c.i.embedder.EclipseLogger - Using 'UTF-8' encoding to copy filtered resources.
2020-05-16 12:15:58,578 [Worker-18: Building workspace] INFO  o.e.m.c.i.embedder.EclipseLogger - skip non existing resourceDirectory H:\Framework_Workspace\Academy\src\test\resources
2020-05-16 12:16:12,107 [Worker-18: Launching Executing test in H__Framework_Workspace_Academy] INFO  o.e.m.i.launch.MavenLaunchDelegate - H:\Framework_Workspace\Academy
2020-05-16 12:16:12,107 [Worker-18: Launching Executing test in H__Framework_Workspace_Academy] INFO  o.e.m.i.launch.MavenLaunchDelegate -  mvn -B test
2020-05-16 12:16:17,003 [Worker-10: Building workspace] INFO  o.e.m.c.i.embedder.EclipseLogger - Using 'UTF-8' encoding to copy filtered resources.
2020-05-16 12:16:17,004 [Worker-10: Building workspace] INFO  o.e.m.c.i.embedder.EclipseLogger - skip non existing resourceDirectory H:\Framework_Workspace\Academy\src\main\resources
2020-05-16 12:16:17,015 [Worker-10: Building workspace] INFO  o.e.m.c.i.embedder.EclipseLogger - Using 'UTF-8' encoding to copy filtered resources.
2020-05-16 12:16:17,026 [Worker-10: Building workspace] INFO  o.e.m.c.i.embedder.EclipseLogger - skip non existing resourceDirectory H:\Framework_Workspace\Academy\src\test\resources
2020-05-16 12:18:12,004 [Worker-19: Building workspace] INFO  o.e.m.c.i.embedder.EclipseLogger - Using 'UTF-8' encoding to copy filtered resources.
2020-05-16 12:18:12,005 [Worker-19: Building workspace] INFO  o.e.m.c.i.embedder.EclipseLogger - skip non existing resourceDirectory H:\Framework_Workspace\Academy\src\main\resources
2020-05-16 12:18:12,012 [Worker-19: Building workspace] INFO  o.e.m.c.i.embedder.EclipseLogger - Using 'UTF-8' encoding to copy filtered resources.
2020-05-16 12:18:12,018 [Worker-19: Building workspace] INFO  o.e.m.c.i.embedder.EclipseLogger - skip non existing resourceDirectory H:\Framework_Workspace\Academy\src\test\resources
2020-05-16 12:18:23,420 [Worker-17: Building workspace] INFO  o.e.m.c.i.embedder.EclipseLogger - Using 'UTF-8' encoding to copy filtered resources.
2020-05-16 12:18:23,420 [Worker-17: Building workspace] INFO  o.e.m.c.i.embedder.EclipseLogger - skip non existing resourceDirectory H:\Framework_Workspace\Academy\src\main\resources
2020-05-16 12:18:23,437 [Worker-17: Building workspace] INFO  o.e.m.c.i.embedder.EclipseLogger - Using 'UTF-8' encoding to copy filtered resources.
2020-05-16 12:18:23,450 [Worker-17: Building workspace] INFO  o.e.m.c.i.embedder.EclipseLogger - skip non existing resourceDirectory H:\Framework_Workspace\Academy\src\test\resources
2020-05-16 12:22:59,687 [Worker-17: Building workspace] INFO  o.e.m.c.i.embedder.EclipseLogger - Using 'UTF-8' encoding to copy filtered resources.
2020-05-16 12:22:59,687 [Worker-17: Building workspace] INFO  o.e.m.c.i.embedder.EclipseLogger - skip non existing resourceDirectory H:\Framework_Workspace\Academy\src\main\resources
2020-05-16 12:22:59,694 [Worker-17: Building workspace] INFO  o.e.m.c.i.embedder.EclipseLogger - Using 'UTF-8' encoding to copy filtered resources.
2020-05-16 12:22:59,701 [Worker-17: Building workspace] INFO  o.e.m.c.i.embedder.EclipseLogger - skip non existing resourceDirectory H:\Framework_Workspace\Academy\src\test\resources
2020-05-16 12:23:00,950 [Worker-17: Building workspace] INFO  o.e.m.c.i.embedder.EclipseLogger - Using 'UTF-8' encoding to copy filtered resources.
2020-05-16 12:23:00,950 [Worker-17: Building workspace] INFO  o.e.m.c.i.embedder.EclipseLogger - skip non existing resourceDirectory C:\Users\HP\eclipse-workspace\MavenProject\src\main\resources
2020-05-16 12:23:00,960 [Worker-17: Building workspace] INFO  o.e.m.c.i.embedder.EclipseLogger - Using 'UTF-8' encoding to copy filtered resources.
2020-05-16 12:23:00,976 [Worker-17: Building workspace] INFO  o.e.m.c.i.embedder.EclipseLogger - skip non existing resourceDirectory C:\Users\HP\eclipse-workspace\MavenProject\src\test\resources
2020-05-16 12:23:01,255 [Worker-17: Building workspace] INFO  o.e.m.c.i.embedder.EclipseLogger - Using 'UTF-8' encoding to copy filtered resources.
2020-05-16 12:23:01,255 [Worker-17: Building workspace] INFO  o.e.m.c.i.embedder.EclipseLogger - skip non existing resourceDirectory C:\Users\HP\eclipse-workspace\RunMultipleTestSuite\src\main\resources
2020-05-16 12:23:01,268 [Worker-17: Building workspace] INFO  o.e.m.c.i.embedder.EclipseLogger - Using 'UTF-8' encoding to copy filtered resources.
2020-05-16 12:23:01,268 [Worker-17: Building workspace] INFO  o.e.m.c.i.embedder.EclipseLogger - skip non existing resourceDirectory C:\Users\HP\eclipse-workspace\RunMultipleTestSuite\src\test\resources
2020-05-16 12:24:12,824 [Worker-23: Building workspace] INFO  o.e.m.c.i.embedder.EclipseLogger - Using 'UTF-8' encoding to copy filtered resources.
2020-05-16 12:24:12,824 [Worker-23: Building workspace] INFO  o.e.m.c.i.embedder.EclipseLogger - skip non existing resourceDirectory H:\Framework_Workspace\Academy\src\main\resources
2020-05-16 12:24:12,831 [Worker-23: Building workspace] INFO  o.e.m.c.i.embedder.EclipseLogger - Using 'UTF-8' encoding to copy filtered resources.
2020-05-16 12:24:12,838 [Worker-23: Building workspace] INFO  o.e.m.c.i.embedder.EclipseLogger - skip non existing resourceDirectory H:\Framework_Workspace\Academy\src\test\resources
2020-05-16 12:24:25,086 [main] INFO  o.e.m2e.actions.ExecutePomAction - Creating new launch configuration
2020-05-16 12:24:28,261 [Worker-19: Launching Academy (3)] INFO  o.e.m.i.launch.MavenLaunchDelegate - H:\Framework_Workspace\Academy
2020-05-16 12:24:28,270 [Worker-19: Launching Academy (3)] INFO  o.e.m.i.launch.MavenLaunchDelegate -  mvn -B 
2020-05-16 12:27:38,326 [Worker-17: Launching Executing test in H__Framework_Workspace_Academy] INFO  o.e.m.i.launch.MavenLaunchDelegate - H:\Framework_Workspace\Academy
2020-05-16 12:27:38,333 [Worker-17: Launching Executing test in H__Framework_Workspace_Academy] INFO  o.e.m.i.launch.MavenLaunchDelegate -  mvn -B test
2020-05-16 12:27:43,521 [Worker-13: Building workspace] INFO  o.e.m.c.i.embedder.EclipseLogger - Using 'UTF-8' encoding to copy filtered resources.
2020-05-16 12:27:43,527 [Worker-13: Building workspace] INFO  o.e.m.c.i.embedder.EclipseLogger - skip non existing resourceDirectory H:\Framework_Workspace\Academy\src\main\resources
2020-05-16 12:27:43,533 [Worker-13: Building workspace] INFO  o.e.m.c.i.embedder.EclipseLogger - Using 'UTF-8' encoding to copy filtered resources.
2020-05-16 12:27:43,539 [Worker-13: Building workspace] INFO  o.e.m.c.i.embedder.EclipseLogger - skip non existing resourceDirectory H:\Framework_Workspace\Academy\src\test\resources
2020-05-16 12:30:44,681 [Worker-19: Building workspace] INFO  o.e.m.c.i.embedder.EclipseLogger - Using 'UTF-8' encoding to copy filtered resources.
2020-05-16 12:30:44,687 [Worker-19: Building workspace] INFO  o.e.m.c.i.embedder.EclipseLogger - skip non existing resourceDirectory H:\Framework_Workspace\Academy\src\main\resources
2020-05-16 12:30:44,695 [Worker-19: Building workspace] INFO  o.e.m.c.i.embedder.EclipseLogger - Using 'UTF-8' encoding to copy filtered resources.
2020-05-16 12:30:44,701 [Worker-19: Building workspace] INFO  o.e.m.c.i.embedder.EclipseLogger - skip non existing resourceDirectory H:\Framework_Workspace\Academy\src\test\resources
2020-05-16 12:31:13,271 [Worker-13: Building workspace] INFO  o.e.m.c.i.embedder.EclipseLogger - Using 'UTF-8' encoding to copy filtered resources.
2020-05-16 12:31:13,279 [Worker-13: Building workspace] INFO  o.e.m.c.i.embedder.EclipseLogger - skip non existing resourceDirectory H:\Framework_Workspace\Academy\src\main\resources
2020-05-16 12:31:13,292 [Worker-13: Building workspace] INFO  o.e.m.c.i.embedder.EclipseLogger - Using 'UTF-8' encoding to copy filtered resources.
2020-05-16 12:31:13,298 [Worker-13: Building workspace] INFO  o.e.m.c.i.embedder.EclipseLogger - skip non existing resourceDirectory H:\Framework_Workspace\Academy\src\test\resources
2020-05-16 12:31:20,858 [Worker-13: Building workspace] INFO  o.e.m.c.i.embedder.EclipseLogger - Using 'UTF-8' encoding to copy filtered resources.
2020-05-16 12:31:20,864 [Worker-13: Building workspace] INFO  o.e.m.c.i.embedder.EclipseLogger - skip non existing resourceDirectory H:\Framework_Workspace\Academy\src\main\resources
2020-05-16 12:31:20,872 [Worker-13: Building workspace] INFO  o.e.m.c.i.embedder.EclipseLogger - Using 'UTF-8' encoding to copy filtered resources.
2020-05-16 12:31:20,877 [Worker-13: Building workspace] INFO  o.e.m.c.i.embedder.EclipseLogger - skip non existing resourceDirectory H:\Framework_Workspace\Academy\src\test\resources
2020-05-16 12:32:33,129 [Worker-19: Building workspace] INFO  o.e.m.c.i.embedder.EclipseLogger - Using 'UTF-8' encoding to copy filtered resources.
2020-05-16 12:32:33,143 [Worker-19: Building workspace] INFO  o.e.m.c.i.embedder.EclipseLogger - skip non existing resourceDirectory H:\Framework_Workspace\Academy\src\main\resources
2020-05-16 12:32:33,151 [Worker-19: Building workspace] INFO  o.e.m.c.i.embedder.EclipseLogger - Using 'UTF-8' encoding to copy filtered resources.
2020-05-16 12:32:33,161 [Worker-19: Building workspace] INFO  o.e.m.c.i.embedder.EclipseLogger - skip non existing resourceDirectory H:\Framework_Workspace\Academy\src\test\resources
2020-05-16 12:32:56,587 [Worker-13: Launching Executing test in H__Framework_Workspace_Academy] INFO  o.e.m.i.launch.MavenLaunchDelegate - H:\Framework_Workspace\Academy
2020-05-16 12:32:56,597 [Worker-13: Launching Executing test in H__Framework_Workspace_Academy] INFO  o.e.m.i.launch.MavenLaunchDelegate -  mvn -B test
2020-05-16 12:33:00,991 [Worker-21: Building workspace] INFO  o.e.m.c.i.embedder.EclipseLogger - Using 'UTF-8' encoding to copy filtered resources.
2020-05-16 12:33:00,996 [Worker-21: Building workspace] INFO  o.e.m.c.i.embedder.EclipseLogger - skip non existing resourceDirectory H:\Framework_Workspace\Academy\src\main\resources
2020-05-16 12:33:01,004 [Worker-21: Building workspace] INFO  o.e.m.c.i.embedder.EclipseLogger - Using 'UTF-8' encoding to copy filtered resources.
2020-05-16 12:33:01,011 [Worker-21: Building workspace] INFO  o.e.m.c.i.embedder.EclipseLogger - skip non existing resourceDirectory H:\Framework_Workspace\Academy\src\test\resources
2020-05-16 12:43:17,631 [Worker-19: Building workspace] INFO  o.e.m.c.i.embedder.EclipseLogger - Using 'UTF-8' encoding to copy filtered resources.
2020-05-16 12:43:17,631 [Worker-19: Building workspace] INFO  o.e.m.c.i.embedder.EclipseLogger - skip non existing resourceDirectory H:\Framework_Workspace\Academy\src\main\resources
2020-05-16 12:43:17,632 [Worker-19: Building workspace] INFO  o.e.m.c.i.embedder.EclipseLogger - Using 'UTF-8' encoding to copy filtered resources.
2020-05-16 12:43:17,640 [Worker-19: Building workspace] INFO  o.e.m.c.i.embedder.EclipseLogger - skip non existing resourceDirectory H:\Framework_Workspace\Academy\src\test\resources
2020-05-16 12:43:24,156 [Worker-24: Building workspace] INFO  o.e.m.c.i.embedder.EclipseLogger - Using 'UTF-8' encoding to copy filtered resources.
2020-05-16 12:43:24,162 [Worker-24: Building workspace] INFO  o.e.m.c.i.embedder.EclipseLogger - skip non existing resourceDirectory H:\Framework_Workspace\Academy\src\main\resources
2020-05-16 12:43:24,167 [Worker-24: Building workspace] INFO  o.e.m.c.i.embedder.EclipseLogger - Using 'UTF-8' encoding to copy filtered resources.
2020-05-16 12:43:24,173 [Worker-24: Building workspace] INFO  o.e.m.c.i.embedder.EclipseLogger - skip non existing resourceDirectory H:\Framework_Workspace\Academy\src\test\resources
2020-05-16 12:45:19,673 [Worker-24: Building workspace] INFO  o.e.m.c.i.embedder.EclipseLogger - Using 'UTF-8' encoding to copy filtered resources.
2020-05-16 12:45:19,673 [Worker-24: Building workspace] INFO  o.e.m.c.i.embedder.EclipseLogger - skip non existing resourceDirectory H:\Framework_Workspace\Academy\src\main\resources
2020-05-16 12:45:19,674 [Worker-24: Building workspace] INFO  o.e.m.c.i.embedder.EclipseLogger - Using 'UTF-8' encoding to copy filtered resources.
2020-05-16 12:45:19,680 [Worker-24: Building workspace] INFO  o.e.m.c.i.embedder.EclipseLogger - skip non existing resourceDirectory H:\Framework_Workspace\Academy\src\test\resources
2020-05-16 12:50:42,125 [Worker-27: Building workspace] INFO  o.e.m.c.i.embedder.EclipseLogger - Using 'UTF-8' encoding to copy filtered resources.
2020-05-16 12:50:42,133 [Worker-27: Building workspace] INFO  o.e.m.c.i.embedder.EclipseLogger - skip non existing resourceDirectory H:\Framework_Workspace\Academy\src\main\resources
2020-05-16 12:50:42,142 [Worker-27: Building workspace] INFO  o.e.m.c.i.embedder.EclipseLogger - Using 'UTF-8' encoding to copy filtered resources.
2020-05-16 12:50:42,149 [Worker-27: Building workspace] INFO  o.e.m.c.i.embedder.EclipseLogger - skip non existing resourceDirectory H:\Framework_Workspace\Academy\src\test\resources
2020-05-16 12:52:15,586 [Worker-29: Building workspace] INFO  o.e.m.c.i.embedder.EclipseLogger - Using 'UTF-8' encoding to copy filtered resources.
2020-05-16 12:52:15,586 [Worker-29: Building workspace] INFO  o.e.m.c.i.embedder.EclipseLogger - skip non existing resourceDirectory H:\Framework_Workspace\Academy\src\main\resources
2020-05-16 12:52:15,587 [Worker-29: Building workspace] INFO  o.e.m.c.i.embedder.EclipseLogger - Using 'UTF-8' encoding to copy filtered resources.
2020-05-16 12:52:15,593 [Worker-29: Building workspace] INFO  o.e.m.c.i.embedder.EclipseLogger - skip non existing resourceDirectory H:\Framework_Workspace\Academy\src\test\resources
2020-05-16 12:58:15,683 [Worker-31: Building workspace] INFO  o.e.m.c.i.embedder.EclipseLogger - Using 'UTF-8' encoding to copy filtered resources.
2020-05-16 12:58:15,701 [Worker-31: Building workspace] INFO  o.e.m.c.i.embedder.EclipseLogger - skip non existing resourceDirectory H:\Framework_Workspace\Academy\src\main\resources
2020-05-16 12:58:15,714 [Worker-31: Building workspace] INFO  o.e.m.c.i.embedder.EclipseLogger - Using 'UTF-8' encoding to copy filtered resources.
2020-05-16 12:58:15,722 [Worker-31: Building workspace] INFO  o.e.m.c.i.embedder.EclipseLogger - skip non existing resourceDirectory H:\Framework_Workspace\Academy\src\test\resources
2020-05-16 13:05:34,719 [Worker-29: Building workspace] INFO  o.e.m.c.i.embedder.EclipseLogger - Using 'UTF-8' encoding to copy filtered resources.
2020-05-16 13:05:34,719 [Worker-29: Building workspace] INFO  o.e.m.c.i.embedder.EclipseLogger - skip non existing resourceDirectory H:\Framework_Workspace\Academy\src\main\resources
2020-05-16 13:05:34,720 [Worker-29: Building workspace] INFO  o.e.m.c.i.embedder.EclipseLogger - Using 'UTF-8' encoding to copy filtered resources.
2020-05-16 13:05:34,728 [Worker-29: Building workspace] INFO  o.e.m.c.i.embedder.EclipseLogger - skip non existing resourceDirectory H:\Framework_Workspace\Academy\src\test\resources
2020-05-16 13:07:27,210 [Worker-32: Building workspace] INFO  o.e.m.c.i.embedder.EclipseLogger - Using 'UTF-8' encoding to copy filtered resources.
2020-05-16 13:07:27,215 [Worker-32: Building workspace] INFO  o.e.m.c.i.embedder.EclipseLogger - skip non existing resourceDirectory H:\Framework_Workspace\Academy\src\main\resources
2020-05-16 13:07:27,221 [Worker-32: Building workspace] INFO  o.e.m.c.i.embedder.EclipseLogger - Using 'UTF-8' encoding to copy filtered resources.
2020-05-16 13:07:27,226 [Worker-32: Building workspace] INFO  o.e.m.c.i.embedder.EclipseLogger - skip non existing resourceDirectory H:\Framework_Workspace\Academy\src\test\resources
2020-05-16 13:07:55,439 [Worker-25: Building workspace] INFO  o.e.m.c.i.embedder.EclipseLogger - Using 'UTF-8' encoding to copy filtered resources.
2020-05-16 13:07:55,439 [Worker-25: Building workspace] INFO  o.e.m.c.i.embedder.EclipseLogger - skip non existing resourceDirectory H:\Framework_Workspace\Academy\src\main\resources
2020-05-16 13:07:55,440 [Worker-25: Building workspace] INFO  o.e.m.c.i.embedder.EclipseLogger - Using 'UTF-8' encoding to copy filtered resources.
2020-05-16 13:07:55,446 [Worker-25: Building workspace] INFO  o.e.m.c.i.embedder.EclipseLogger - skip non existing resourceDirectory H:\Framework_Workspace\Academy\src\test\resources
2020-05-16 13:08:27,998 [Worker-30: Launching Executing test in H__Framework_Workspace_Academy] INFO  o.e.m.i.launch.MavenLaunchDelegate - H:\Framework_Workspace\Academy
2020-05-16 13:08:28,005 [Worker-30: Launching Executing test in H__Framework_Workspace_Academy] INFO  o.e.m.i.launch.MavenLaunchDelegate -  mvn -B test
2020-05-16 13:08:42,582 [Worker-32: Building workspace] INFO  o.e.m.c.i.embedder.EclipseLogger - Using 'UTF-8' encoding to copy filtered resources.
2020-05-16 13:08:42,589 [Worker-32: Building workspace] INFO  o.e.m.c.i.embedder.EclipseLogger - skip non existing resourceDirectory H:\Framework_Workspace\Academy\src\main\resources
2020-05-16 13:08:42,596 [Worker-32: Building workspace] INFO  o.e.m.c.i.embedder.EclipseLogger - Using 'UTF-8' encoding to copy filtered resources.
2020-05-16 13:08:42,603 [Worker-32: Building workspace] INFO  o.e.m.c.i.embedder.EclipseLogger - skip non existing resourceDirectory H:\Framework_Workspace\Academy\src\test\resources
2020-05-16 13:09:22,501 [Worker-25: Building workspace] INFO  o.e.m.c.i.embedder.EclipseLogger - Using 'UTF-8' encoding to copy filtered resources.
2020-05-16 13:09:22,506 [Worker-25: Building workspace] INFO  o.e.m.c.i.embedder.EclipseLogger - skip non existing resourceDirectory H:\Framework_Workspace\Academy\src\main\resources
2020-05-16 13:09:22,512 [Worker-25: Building workspace] INFO  o.e.m.c.i.embedder.EclipseLogger - Using 'UTF-8' encoding to copy filtered resources.
2020-05-16 13:09:22,517 [Worker-25: Building workspace] INFO  o.e.m.c.i.embedder.EclipseLogger - skip non existing resourceDirectory H:\Framework_Workspace\Academy\src\test\resources
2020-05-16 13:10:32,850 [Worker-25: Launching Academy (3)] INFO  o.e.m.i.launch.MavenLaunchDelegate - H:\Framework_Workspace\Academy
2020-05-16 13:10:32,866 [Worker-25: Launching Academy (3)] INFO  o.e.m.i.launch.MavenLaunchDelegate -  mvn -B 
2020-05-16 13:10:54,049 [Worker-25: Launching Executing test in H__Framework_Workspace_Academy] INFO  o.e.m.i.launch.MavenLaunchDelegate - H:\Framework_Workspace\Academy
2020-05-16 13:10:54,056 [Worker-25: Launching Executing test in H__Framework_Workspace_Academy] INFO  o.e.m.i.launch.MavenLaunchDelegate -  mvn -B test
2020-05-16 13:11:21,649 [Worker-33: Building workspace] INFO  o.e.m.c.i.embedder.EclipseLogger - Using 'UTF-8' encoding to copy filtered resources.
2020-05-16 13:11:21,661 [Worker-33: Building workspace] INFO  o.e.m.c.i.embedder.EclipseLogger - skip non existing resourceDirectory H:\Framework_Workspace\Academy\src\main\resources
2020-05-16 13:11:21,670 [Worker-33: Building workspace] INFO  o.e.m.c.i.embedder.EclipseLogger - Using 'UTF-8' encoding to copy filtered resources.
2020-05-16 13:11:21,678 [Worker-33: Building workspace] INFO  o.e.m.c.i.embedder.EclipseLogger - skip non existing resourceDirectory H:\Framework_Workspace\Academy\src\test\resources
2020-05-16 13:11:49,118 [Worker-24: Building workspace] INFO  o.e.m.c.i.embedder.EclipseLogger - Using 'UTF-8' encoding to copy filtered resources.
2020-05-16 13:11:49,123 [Worker-24: Building workspace] INFO  o.e.m.c.i.embedder.EclipseLogger - skip non existing resourceDirectory H:\Framework_Workspace\Academy\src\main\resources
2020-05-16 13:11:49,128 [Worker-24: Building workspace] INFO  o.e.m.c.i.embedder.EclipseLogger - Using 'UTF-8' encoding to copy filtered resources.
2020-05-16 13:11:49,135 [Worker-24: Building workspace] INFO  o.e.m.c.i.embedder.EclipseLogger - skip non existing resourceDirectory H:\Framework_Workspace\Academy\src\test\resources
2020-05-16 13:13:59,092 [Worker-25: Building workspace] INFO  o.e.m.c.i.embedder.EclipseLogger - Using 'UTF-8' encoding to copy filtered resources.
2020-05-16 13:13:59,098 [Worker-25: Building workspace] INFO  o.e.m.c.i.embedder.EclipseLogger - skip non existing resourceDirectory H:\Framework_Workspace\Academy\src\main\resources
2020-05-16 13:13:59,104 [Worker-25: Building workspace] INFO  o.e.m.c.i.embedder.EclipseLogger - Using 'UTF-8' encoding to copy filtered resources.
2020-05-16 13:13:59,110 [Worker-25: Building workspace] INFO  o.e.m.c.i.embedder.EclipseLogger - skip non existing resourceDirectory H:\Framework_Workspace\Academy\src\test\resources
2020-05-16 13:14:29,389 [Worker-24: Building workspace] INFO  o.e.m.c.i.embedder.EclipseLogger - Using 'UTF-8' encoding to copy filtered resources.
2020-05-16 13:14:29,397 [Worker-24: Building workspace] INFO  o.e.m.c.i.embedder.EclipseLogger - skip non existing resourceDirectory H:\Framework_Workspace\Academy\src\main\resources
2020-05-16 13:14:29,403 [Worker-24: Building workspace] INFO  o.e.m.c.i.embedder.EclipseLogger - Using 'UTF-8' encoding to copy filtered resources.
2020-05-16 13:14:29,408 [Worker-24: Building workspace] INFO  o.e.m.c.i.embedder.EclipseLogger - skip non existing resourceDirectory H:\Framework_Workspace\Academy\src\test\resources
2020-05-16 13:17:34,762 [Worker-25: Building workspace] INFO  o.e.m.c.i.embedder.EclipseLogger - Using 'UTF-8' encoding to copy filtered resources.
2020-05-16 13:17:34,771 [Worker-25: Building workspace] INFO  o.e.m.c.i.embedder.EclipseLogger - skip non existing resourceDirectory H:\Framework_Workspace\Academy\src\main\resources
2020-05-16 13:17:34,781 [Worker-25: Building workspace] INFO  o.e.m.c.i.embedder.EclipseLogger - Using 'UTF-8' encoding to copy filtered resources.
2020-05-16 13:17:34,790 [Worker-25: Building workspace] INFO  o.e.m.c.i.embedder.EclipseLogger - skip non existing resourceDirectory H:\Framework_Workspace\Academy\src\test\resources
2020-05-16 13:17:34,796 [Worker-25: Building workspace] INFO  o.e.m.c.i.embedder.EclipseLogger - Using 'UTF-8' encoding to copy filtered resources.
2020-05-16 13:17:34,801 [Worker-25: Building workspace] INFO  o.e.m.c.i.embedder.EclipseLogger - skip non existing resourceDirectory C:\Users\HP\eclipse-workspace\DemoProject\src\main\resources
2020-05-16 13:17:34,802 [Worker-25: Building workspace] INFO  o.e.m.c.i.embedder.EclipseLogger - Using 'UTF-8' encoding to copy filtered resources.
2020-05-16 13:17:34,802 [Worker-25: Building workspace] INFO  o.e.m.c.i.embedder.EclipseLogger - skip non existing resourceDirectory C:\Users\HP\eclipse-workspace\DemoProject\src\test\resources
2020-05-16 13:17:34,810 [Worker-25: Building workspace] INFO  o.e.m.c.i.embedder.EclipseLogger - Using 'UTF-8' encoding to copy filtered resources.
2020-05-16 13:17:34,810 [Worker-25: Building workspace] INFO  o.e.m.c.i.embedder.EclipseLogger - skip non existing resourceDirectory C:\Users\HP\eclipse-workspace\FinalMavenProjectAI\src\main\resources
2020-05-16 13:17:34,811 [Worker-25: Building workspace] INFO  o.e.m.c.i.embedder.EclipseLogger - Using 'UTF-8' encoding to copy filtered resources.
2020-05-16 13:17:34,811 [Worker-25: Building workspace] INFO  o.e.m.c.i.embedder.EclipseLogger - skip non existing resourceDirectory C:\Users\HP\eclipse-workspace\FinalMavenProjectAI\src\test\resources
2020-05-16 13:17:34,824 [Worker-25: Building workspace] INFO  o.e.m.c.i.embedder.EclipseLogger - Using 'UTF-8' encoding to copy filtered resources.
2020-05-16 13:17:34,831 [Worker-25: Building workspace] INFO  o.e.m.c.i.embedder.EclipseLogger - skip non existing resourceDirectory C:\Users\HP\eclipse-workspace\MavenProject\src\main\resources
2020-05-16 13:17:34,832 [Worker-25: Building workspace] INFO  o.e.m.c.i.embedder.EclipseLogger - Using 'UTF-8' encoding to copy filtered resources.
2020-05-16 13:17:34,832 [Worker-25: Building workspace] INFO  o.e.m.c.i.embedder.EclipseLogger - skip non existing resourceDirectory C:\Users\HP\eclipse-workspace\MavenProject\src\test\resources
2020-05-16 13:17:34,841 [Worker-25: Building workspace] INFO  o.e.m.c.i.embedder.EclipseLogger - Using 'UTF-8' encoding to copy filtered resources.
2020-05-16 13:17:34,842 [Worker-25: Building workspace] INFO  o.e.m.c.i.embedder.EclipseLogger - skip non existing resourceDirectory C:\Users\HP\eclipse-workspace\RunMultipleTestSuite\src\main\resources
2020-05-16 13:17:34,842 [Worker-25: Building workspace] INFO  o.e.m.c.i.embedder.EclipseLogger - Using 'UTF-8' encoding to copy filtered resources.
2020-05-16 13:17:34,842 [Worker-25: Building workspace] INFO  o.e.m.c.i.embedder.EclipseLogger - skip non existing resourceDirectory C:\Users\HP\eclipse-workspace\RunMultipleTestSuite\src\test\resources
2020-05-16 13:17:53,764 [Worker-33: Building workspace] INFO  o.e.m.c.i.embedder.EclipseLogger - Using 'UTF-8' encoding to copy filtered resources.
2020-05-16 13:17:53,764 [Worker-33: Building workspace] INFO  o.e.m.c.i.embedder.EclipseLogger - skip non existing resourceDirectory H:\Framework_Workspace\Academy\src\main\resources
2020-05-16 13:17:53,765 [Worker-33: Building workspace] INFO  o.e.m.c.i.embedder.EclipseLogger - Using 'UTF-8' encoding to copy filtered resources.
2020-05-16 13:17:53,765 [Worker-33: Building workspace] INFO  o.e.m.c.i.embedder.EclipseLogger - skip non existing resourceDirectory H:\Framework_Workspace\Academy\src\test\resources
2020-05-16 13:23:16,076 [Worker-25: Building workspace] INFO  o.e.m.c.i.l.LifecycleMappingFactory - Using org.eclipse.m2e.jdt.JarLifecycleMapping lifecycle mapping for MavenProject: MavenProject:MavenProject:0.0.1-SNAPSHOT @ C:\Users\HP\eclipse-workspace\MavenProject\pom.xml.
2020-05-16 13:23:16,408 [Worker-25: Building workspace] INFO  o.e.m.c.i.embedder.EclipseLogger - Using 'UTF-8' encoding to copy filtered resources.
2020-05-16 13:23:16,408 [Worker-25: Building workspace] INFO  o.e.m.c.i.embedder.EclipseLogger - skip non existing resourceDirectory C:\Users\HP\eclipse-workspace\MavenProject\src\main\resources
2020-05-16 13:23:16,409 [Worker-25: Building workspace] INFO  o.e.m.c.i.embedder.EclipseLogger - Using 'UTF-8' encoding to copy filtered resources.
2020-05-16 13:23:16,409 [Worker-25: Building workspace] INFO  o.e.m.c.i.embedder.EclipseLogger - skip non existing resourceDirectory C:\Users\HP\eclipse-workspace\MavenProject\src\test\resources
2020-05-16 13:23:46,192 [Worker-35: Building workspace] INFO  o.e.m.c.i.embedder.EclipseLogger - Using 'UTF-8' encoding to copy filtered resources.
2020-05-16 13:23:46,192 [Worker-35: Building workspace] INFO  o.e.m.c.i.embedder.EclipseLogger - skip non existing resourceDirectory H:\Framework_Workspace\Academy\src\main\resources
2020-05-16 13:23:46,193 [Worker-35: Building workspace] INFO  o.e.m.c.i.embedder.EclipseLogger - Using 'UTF-8' encoding to copy filtered resources.
2020-05-16 13:23:46,193 [Worker-35: Building workspace] INFO  o.e.m.c.i.embedder.EclipseLogger - skip non existing resourceDirectory H:\Framework_Workspace\Academy\src\test\resources
2020-05-16 13:25:10,627 [Worker-25: Building workspace] INFO  o.e.m.c.i.embedder.EclipseLogger - Using 'UTF-8' encoding to copy filtered resources.
2020-05-16 13:25:10,636 [Worker-25: Building workspace] INFO  o.e.m.c.i.embedder.EclipseLogger - skip non existing resourceDirectory H:\Framework_Workspace\Academy\src\main\resources
2020-05-16 13:25:10,644 [Worker-25: Building workspace] INFO  o.e.m.c.i.embedder.EclipseLogger - Using 'UTF-8' encoding to copy filtered resources.
2020-05-16 13:25:10,644 [Worker-25: Building workspace] INFO  o.e.m.c.i.embedder.EclipseLogger - skip non existing resourceDirectory H:\Framework_Workspace\Academy\src\test\resources
2020-05-16 13:25:10,654 [Worker-25: Building workspace] INFO  o.e.m.c.i.embedder.EclipseLogger - Using 'UTF-8' encoding to copy filtered resources.
2020-05-16 13:25:10,654 [Worker-25: Building workspace] INFO  o.e.m.c.i.embedder.EclipseLogger - skip non existing resourceDirectory C:\Users\HP\eclipse-workspace\DemoProject\src\main\resources
2020-05-16 13:25:10,655 [Worker-25: Building workspace] INFO  o.e.m.c.i.embedder.EclipseLogger - Using 'UTF-8' encoding to copy filtered resources.
2020-05-16 13:25:10,656 [Worker-25: Building workspace] INFO  o.e.m.c.i.embedder.EclipseLogger - skip non existing resourceDirectory C:\Users\HP\eclipse-workspace\DemoProject\src\test\resources
2020-05-16 13:25:10,670 [Worker-25: Building workspace] INFO  o.e.m.c.i.embedder.EclipseLogger - Using 'UTF-8' encoding to copy filtered resources.
2020-05-16 13:25:10,670 [Worker-25: Building workspace] INFO  o.e.m.c.i.embedder.EclipseLogger - skip non existing resourceDirectory C:\Users\HP\eclipse-workspace\FinalMavenProjectAI\src\main\resources
2020-05-16 13:25:10,671 [Worker-25: Building workspace] INFO  o.e.m.c.i.embedder.EclipseLogger - Using 'UTF-8' encoding to copy filtered resources.
2020-05-16 13:25:10,671 [Worker-25: Building workspace] INFO  o.e.m.c.i.embedder.EclipseLogger - skip non existing resourceDirectory C:\Users\HP\eclipse-workspace\FinalMavenProjectAI\src\test\resources
2020-05-16 13:25:10,781 [Worker-25: Building workspace] INFO  o.e.m.c.i.embedder.EclipseLogger - Using 'UTF-8' encoding to copy filtered resources.
2020-05-16 13:25:10,781 [Worker-25: Building workspace] INFO  o.e.m.c.i.embedder.EclipseLogger - skip non existing resourceDirectory C:\Users\HP\eclipse-workspace\MavenProject\src\main\resources
2020-05-16 13:25:10,782 [Worker-25: Building workspace] INFO  o.e.m.c.i.embedder.EclipseLogger - Using 'UTF-8' encoding to copy filtered resources.
2020-05-16 13:25:10,782 [Worker-25: Building workspace] INFO  o.e.m.c.i.embedder.EclipseLogger - skip non existing resourceDirectory C:\Users\HP\eclipse-workspace\MavenProject\src\test\resources
2020-05-16 13:25:10,791 [Worker-25: Building workspace] INFO  o.e.m.c.i.embedder.EclipseLogger - Using 'UTF-8' encoding to copy filtered resources.
2020-05-16 13:25:10,791 [Worker-25: Building workspace] INFO  o.e.m.c.i.embedder.EclipseLogger - skip non existing resourceDirectory C:\Users\HP\eclipse-workspace\RunMultipleTestSuite\src\main\resources
2020-05-16 13:25:10,792 [Worker-25: Building workspace] INFO  o.e.m.c.i.embedder.EclipseLogger - Using 'UTF-8' encoding to copy filtered resources.
2020-05-16 13:25:10,793 [Worker-25: Building workspace] INFO  o.e.m.c.i.embedder.EclipseLogger - skip non existing resourceDirectory C:\Users\HP\eclipse-workspace\RunMultipleTestSuite\src\test\resources
2020-05-16 13:25:15,882 [Worker-30: Building workspace] INFO  o.e.m.c.i.embedder.EclipseLogger - Using 'UTF-8' encoding to copy filtered resources.
2020-05-16 13:25:15,882 [Worker-30: Building workspace] INFO  o.e.m.c.i.embedder.EclipseLogger - skip non existing resourceDirectory H:\Framework_Workspace\Academy\src\main\resources
2020-05-16 13:25:15,883 [Worker-30: Building workspace] INFO  o.e.m.c.i.embedder.EclipseLogger - Using 'UTF-8' encoding to copy filtered resources.
2020-05-16 13:25:15,883 [Worker-30: Building workspace] INFO  o.e.m.c.i.embedder.EclipseLogger - skip non existing resourceDirectory H:\Framework_Workspace\Academy\src\test\resources
2020-05-16 13:25:59,946 [Worker-35: Building workspace] INFO  o.e.m.c.i.l.LifecycleMappingFactory - Using org.eclipse.m2e.jdt.JarLifecycleMapping lifecycle mapping for MavenProject: QA:Academy:0.0.1-SNAPSHOT @ H:\Framework_Workspace\Academy\pom.xml.
2020-05-16 13:26:00,361 [Worker-35: Building workspace] INFO  o.e.m.c.i.embedder.EclipseLogger - Using 'UTF-8' encoding to copy filtered resources.
2020-05-16 13:26:00,361 [Worker-35: Building workspace] INFO  o.e.m.c.i.embedder.EclipseLogger - skip non existing resourceDirectory H:\Framework_Workspace\Academy\src\main\resources
2020-05-16 13:26:00,362 [Worker-35: Building workspace] INFO  o.e.m.c.i.embedder.EclipseLogger - Using 'UTF-8' encoding to copy filtered resources.
2020-05-16 13:26:00,372 [Worker-35: Building workspace] INFO  o.e.m.c.i.embedder.EclipseLogger - skip non existing resourceDirectory H:\Framework_Workspace\Academy\src\test\resources
2020-05-16 13:26:06,286 [Worker-35: Building workspace] INFO  o.e.m.c.i.l.LifecycleMappingFactory - Using org.eclipse.m2e.jdt.JarLifecycleMapping lifecycle mapping for MavenProject: MavenProject:MavenProject:0.0.1-SNAPSHOT @ C:\Users\HP\eclipse-workspace\MavenProject\pom.xml.
2020-05-16 13:26:06,447 [Worker-35: Building workspace] INFO  o.e.m.c.i.embedder.EclipseLogger - Using 'UTF-8' encoding to copy filtered resources.
2020-05-16 13:26:06,447 [Worker-35: Building workspace] INFO  o.e.m.c.i.embedder.EclipseLogger - skip non existing resourceDirectory C:\Users\HP\eclipse-workspace\MavenProject\src\main\resources
2020-05-16 13:26:06,454 [Worker-35: Building workspace] INFO  o.e.m.c.i.embedder.EclipseLogger - Using 'UTF-8' encoding to copy filtered resources.
2020-05-16 13:26:06,460 [Worker-35: Building workspace] INFO  o.e.m.c.i.embedder.EclipseLogger - skip non existing resourceDirectory C:\Users\HP\eclipse-workspace\MavenProject\src\test\resources
2020-05-16 13:26:44,556 [Worker-36: Building workspace] INFO  o.e.m.c.i.embedder.EclipseLogger - Using 'UTF-8' encoding to copy filtered resources.
2020-05-16 13:26:44,557 [Worker-36: Building workspace] INFO  o.e.m.c.i.embedder.EclipseLogger - skip non existing resourceDirectory H:\Framework_Workspace\Academy\src\main\resources
2020-05-16 13:26:44,565 [Worker-36: Building workspace] INFO  o.e.m.c.i.embedder.EclipseLogger - Using 'UTF-8' encoding to copy filtered resources.
2020-05-16 13:26:44,570 [Worker-36: Building workspace] INFO  o.e.m.c.i.embedder.EclipseLogger - skip non existing resourceDirectory H:\Framework_Workspace\Academy\src\test\resources
2020-05-16 13:27:39,075 [Worker-36: Building workspace] INFO  o.e.m.c.i.l.LifecycleMappingFactory - Using org.eclipse.m2e.jdt.JarLifecycleMapping lifecycle mapping for MavenProject: QA:Academy:0.0.1-SNAPSHOT @ H:\Framework_Workspace\Academy\pom.xml.
2020-05-16 13:27:39,212 [Worker-36: Building workspace] INFO  o.e.m.c.i.embedder.EclipseLogger - Using 'UTF-8' encoding to copy filtered resources.
2020-05-16 13:27:39,224 [Worker-36: Building workspace] INFO  o.e.m.c.i.embedder.EclipseLogger - skip non existing resourceDirectory H:\Framework_Workspace\Academy\src\main\resources
2020-05-16 13:27:39,240 [Worker-36: Building workspace] INFO  o.e.m.c.i.embedder.EclipseLogger - Using 'UTF-8' encoding to copy filtered resources.
2020-05-16 13:27:39,254 [Worker-36: Building workspace] INFO  o.e.m.c.i.embedder.EclipseLogger - skip non existing resourceDirectory H:\Framework_Workspace\Academy\src\test\resources
2020-05-16 13:27:52,288 [Worker-36: Building workspace] INFO  o.e.m.c.i.embedder.EclipseLogger - Using 'UTF-8' encoding to copy filtered resources.
2020-05-16 13:27:52,296 [Worker-36: Building workspace] INFO  o.e.m.c.i.embedder.EclipseLogger - skip non existing resourceDirectory H:\Framework_Workspace\Academy\src\main\resources
2020-05-16 13:27:52,302 [Worker-36: Building workspace] INFO  o.e.m.c.i.embedder.EclipseLogger - Using 'UTF-8' encoding to copy filtered resources.
2020-05-16 13:27:52,308 [Worker-36: Building workspace] INFO  o.e.m.c.i.embedder.EclipseLogger - skip non existing resourceDirectory H:\Framework_Workspace\Academy\src\test\resources
2020-05-16 13:28:21,795 [main] INFO  o.e.m2e.actions.ExecutePomAction - Creating new launch configuration
2020-05-16 13:28:41,498 [Worker-36: Launching Academy (4)] INFO  o.e.m.i.launch.MavenLaunchDelegate - H:\Framework_Workspace\Academy
2020-05-16 13:28:41,504 [Worker-36: Launching Academy (4)] INFO  o.e.m.i.launch.MavenLaunchDelegate -  mvn -B clean install
2020-05-16 13:30:59,019 [Worker-38: Building workspace] INFO  o.e.m.c.i.embedder.EclipseLogger - Using 'UTF-8' encoding to copy filtered resources.
2020-05-16 13:30:59,020 [Worker-38: Building workspace] INFO  o.e.m.c.i.embedder.EclipseLogger - skip non existing resourceDirectory H:\Framework_Workspace\Academy\src\main\resources
2020-05-16 13:30:59,030 [Worker-38: Building workspace] INFO  o.e.m.c.i.embedder.EclipseLogger - Using 'UTF-8' encoding to copy filtered resources.
2020-05-16 13:30:59,036 [Worker-38: Building workspace] INFO  o.e.m.c.i.embedder.EclipseLogger - skip non existing resourceDirectory H:\Framework_Workspace\Academy\src\test\resources
2020-05-16 13:31:00,109 [Worker-37: Building workspace] INFO  o.e.m.c.i.embedder.EclipseLogger - Using 'UTF-8' encoding to copy filtered resources.
2020-05-16 13:31:00,109 [Worker-37: Building workspace] INFO  o.e.m.c.i.embedder.EclipseLogger - skip non existing resourceDirectory H:\Framework_Workspace\Academy\src\main\resources
2020-05-16 13:31:00,117 [Worker-37: Building workspace] INFO  o.e.m.c.i.embedder.EclipseLogger - Using 'UTF-8' encoding to copy filtered resources.
2020-05-16 13:31:00,123 [Worker-37: Building workspace] INFO  o.e.m.c.i.embedder.EclipseLogger - skip non existing resourceDirectory H:\Framework_Workspace\Academy\src\test\resources
2020-05-16 13:48:11,491 [Worker-41: Building workspace] INFO  o.e.m.c.i.embedder.EclipseLogger - Using 'UTF-8' encoding to copy filtered resources.
2020-05-16 13:48:11,491 [Worker-41: Building workspace] INFO  o.e.m.c.i.embedder.EclipseLogger - skip non existing resourceDirectory H:\Framework_Workspace\Academy\src\main\resources
2020-05-16 13:48:11,505 [Worker-41: Building workspace] INFO  o.e.m.c.i.embedder.EclipseLogger - Using 'UTF-8' encoding to copy filtered resources.
2020-05-16 13:48:11,515 [Worker-41: Building workspace] INFO  o.e.m.c.i.embedder.EclipseLogger - skip non existing resourceDirectory H:\Framework_Workspace\Academy\src\test\resources
